The target system is: Linux -  - aarch64
The host system is: Linux - 5.15.0-56-generic - x86_64
Compiling the C compiler identification source file "CMakeCCompilerId.c" succeeded.
Compiler: /opt/fsl-imx-xwayland/6.1-mickledore/sysroots/x86_64-pokysdk-linux/usr/bin/aarch64-poky-linux/aarch64-poky-linux-gcc -march=armv8-a+crc+crypto;-mbranch-protection=standard;-fstack-protector-strong;-O2;-D_FORTIFY_SOURCE=2;-Wformat;-Wformat-security;-Werror=format-security;--sysroot=/opt/fsl-imx-xwayland/6.1-mickledore/sysroots/armv8a-poky-linux
Build flags: ;-O2;-pipe;-g;-feliminate-unused-debug-types;
Id flags:  

The output was:
0


Compilation of the C compiler identification source "CMakeCCompilerId.c" produced "a.out"

The C compiler identification is GNU, found in "/home/forlinx/sqlite3/wavegen_v1/build_arm/CMakeFiles/3.25.2/CompilerIdC/a.out"

Compiling the CXX compiler identification source file "CMakeCXXCompilerId.cpp" succeeded.
Compiler: /opt/fsl-imx-xwayland/6.1-mickledore/sysroots/x86_64-pokysdk-linux/usr/bin/aarch64-poky-linux/aarch64-poky-linux-g++ -march=armv8-a+crc+crypto;-mbranch-protection=standard;-fstack-protector-strong;-O2;-D_FORTIFY_SOURCE=2;-Wformat;-Wformat-security;-Werror=format-security;--sysroot=/opt/fsl-imx-xwayland/6.1-mickledore/sysroots/armv8a-poky-linux
Build flags: ;-O2;-pipe;-g;-feliminate-unused-debug-types;
Id flags:  

The output was:
0


Compilation of the CXX compiler identification source "CMakeCXXCompilerId.cpp" produced "a.out"

The CXX compiler identification is GNU, found in "/home/forlinx/sqlite3/wavegen_v1/build_arm/CMakeFiles/3.25.2/CompilerIdCXX/a.out"

Detecting C compiler ABI info compiled with the following output:
Change Dir: /home/forlinx/sqlite3/wavegen_v1/build_arm/CMakeFiles/CMakeScratch/TryCompile-88Gr7b

Run Build Command(s):/usr/bin/gmake -f Makefile cmTC_06884/fast && /usr/bin/gmake  -f CMakeFiles/cmTC_06884.dir/build.make CMakeFiles/cmTC_06884.dir/build
gmake[1]: Entering directory '/home/forlinx/sqlite3/wavegen_v1/build_arm/CMakeFiles/CMakeScratch/TryCompile-88Gr7b'
Building C object CMakeFiles/cmTC_06884.dir/CMakeCCompilerABI.c.o
/opt/fsl-imx-xwayland/6.1-mickledore/sysroots/x86_64-pokysdk-linux/usr/bin/aarch64-poky-linux/aarch64-poky-linux-gcc   -march=armv8-a+crc+crypto -mbranch-protection=standard -fstack-protector-strong  -O2 -D_FORTIFY_SOURCE=2 -Wformat -Wformat-security -Werror=format-security --sysroot=/opt/fsl-imx-xwayland/6.1-mickledore/sysroots/armv8a-poky-linux --sysroot=/opt/fsl-imx-xwayland/6.1-mickledore/sysroots/armv8a-poky-linux   -O2 -pipe -g -feliminate-unused-debug-types     -v -o CMakeFiles/cmTC_06884.dir/CMakeCCompilerABI.c.o -c /opt/fsl-imx-xwayland/6.1-mickledore/sysroots/x86_64-pokysdk-linux/usr/share/cmake-3.25/Modules/CMakeCCompilerABI.c
Using built-in specs.
COLLECT_GCC=/opt/fsl-imx-xwayland/6.1-mickledore/sysroots/x86_64-pokysdk-linux/usr/bin/aarch64-poky-linux/aarch64-poky-linux-gcc
Target: aarch64-poky-linux
Configured with: ../../../../../../work-shared/gcc-12.3.0-r0/gcc-12.3.0/configure --build=x86_64-linux --host=x86_64-pokysdk-linux --target=aarch64-poky-linux --prefix=/usr/local/oe-sdk-hardcoded-buildpath/sysroots/x86_64-pokysdk-linux/usr --exec_prefix=/usr/local/oe-sdk-hardcoded-buildpath/sysroots/x86_64-pokysdk-linux/usr --bindir=/usr/local/oe-sdk-hardcoded-buildpath/sysroots/x86_64-pokysdk-linux/usr/bin/aarch64-poky-linux --sbindir=/usr/local/oe-sdk-hardcoded-buildpath/sysroots/x86_64-pokysdk-linux/usr/bin/aarch64-poky-linux --libexecdir=/usr/local/oe-sdk-hardcoded-buildpath/sysroots/x86_64-pokysdk-linux/usr/libexec/aarch64-poky-linux --datadir=/usr/local/oe-sdk-hardcoded-buildpath/sysroots/x86_64-pokysdk-linux/usr/share --sysconfdir=/usr/local/oe-sdk-hardcoded-buildpath/sysroots/x86_64-pokysdk-linux/etc --sharedstatedir=/usr/local/oe-sdk-hardcoded-buildpath/sysroots/x86_64-pokysdk-linux/com --localstatedir=/usr/local/oe-sdk-hardcoded-buildpath/sysroots/x86_64-pokysdk-linux/var --libdir=/usr/local/oe-sdk-hardcoded-buildpath/sysroots/x86_64-pokysdk-linux/usr/lib/aarch64-poky-linux --includedir=/usr/local/oe-sdk-hardcoded-buildpath/sysroots/x86_64-pokysdk-linux/usr/include --oldincludedir=/usr/local/oe-sdk-hardcoded-buildpath/sysroots/x86_64-pokysdk-linux/usr/include --infodir=/usr/local/oe-sdk-hardcoded-buildpath/sysroots/x86_64-pokysdk-linux/usr/share/info --mandir=/usr/local/oe-sdk-hardcoded-buildpath/sysroots/x86_64-pokysdk-linux/usr/share/man --disable-silent-rules --disable-dependency-tracking --with-libtool-sysroot=/home/zhangpan/imx-yocto-bsp-6.1.36-2.1.0/build/tmp/work/x86_64-nativesdk-pokysdk-linux/gcc-cross-canadian-aarch64/12.3.0-r0/recipe-sysroot --with-gnu-ld --enable-shared --enable-languages=c,c++ --enable-threads=posix --enable-multilib --enable-default-pie --enable-c99 --enable-long-long --enable-symvers=gnu --enable-libstdcxx-pch --program-prefix=aarch64-poky-linux- --without-local-prefix --disable-install-libiberty --disable-libssp --enable-libitm --enable-lto --disable-bootstrap --with-system-zlib --with-linker-hash-style=gnu --enable-linker-build-id --with-ppl=no --with-cloog=no --enable-checking=release --enable-cheaders=c_global --without-isl --with-gxx-include-dir=/not/exist/usr/include/c++/12.3.0 --with-build-time-tools=/home/zhangpan/imx-yocto-bsp-6.1.36-2.1.0/build/tmp/work/x86_64-nativesdk-pokysdk-linux/gcc-cross-canadian-aarch64/12.3.0-r0/recipe-sysroot-native/usr/aarch64-poky-linux/bin --with-sysroot=/not/exist --with-build-sysroot=/home/zhangpan/imx-yocto-bsp-6.1.36-2.1.0/build/tmp/work/x86_64-nativesdk-pokysdk-linux/gcc-cross-canadian-aarch64/12.3.0-r0/recipe-sysroot --with-plugin-ld=ld --enable-poison-system-directories --disable-static --enable-nls --with-glibc-version=2.28 --enable-initfini-array --enable-__cxa_atexit
Thread model: posix
Supported LTO compression algorithms: zlib zstd
gcc version 12.3.0 (GCC) 
COLLECT_GCC_OPTIONS='-march=armv8-a+crc+crypto' '-mbranch-protection=standard' '-fstack-protector-strong' '-O2' '-D' '_FORTIFY_SOURCE=2' '-Wformat=1' '-Wformat-security' '-Werror=format-security' '--sysroot=/opt/fsl-imx-xwayland/6.1-mickledore/sysroots/armv8a-poky-linux' '--sysroot=/opt/fsl-imx-xwayland/6.1-mickledore/sysroots/armv8a-poky-linux' '-O2' '-pipe' '-g' '-feliminate-unused-debug-types' '-v' '-o' 'CMakeFiles/cmTC_06884.dir/CMakeCCompilerABI.c.o' '-c' '-mlittle-endian' '-mabi=lp64' '-dumpdir' 'CMakeFiles/cmTC_06884.dir/'
 /opt/fsl-imx-xwayland/6.1-mickledore/sysroots/x86_64-pokysdk-linux/usr/libexec/aarch64-poky-linux/gcc/aarch64-poky-linux/12.3.0/cc1 -quiet -v -isysroot /opt/fsl-imx-xwayland/6.1-mickledore/sysroots/armv8a-poky-linux -D _FORTIFY_SOURCE=2 /opt/fsl-imx-xwayland/6.1-mickledore/sysroots/x86_64-pokysdk-linux/usr/share/cmake-3.25/Modules/CMakeCCompilerABI.c -quiet -dumpdir CMakeFiles/cmTC_06884.dir/ -dumpbase CMakeCCompilerABI.c.c -dumpbase-ext .c -march=armv8-a+crc+crypto -mbranch-protection=standard -mlittle-endian -mabi=lp64 -g -O2 -O2 -Wformat=1 -Wformat-security -Werror=format-security -version -fstack-protector-strong -feliminate-unused-debug-types -o - |
 /opt/fsl-imx-xwayland/6.1-mickledore/sysroots/x86_64-pokysdk-linux/usr/libexec/aarch64-poky-linux/gcc/aarch64-poky-linux/12.3.0/as -v --gdwarf-5 -EL -march=armv8-a+crc+crypto -mabi=lp64 -o CMakeFiles/cmTC_06884.dir/CMakeCCompilerABI.c.o
GNU C17 (GCC) version 12.3.0 (aarch64-poky-linux)
	compiled by GNU C version 12.3.0, GNU assembler version 2.40.0 (aarch64-poky-linux) using BFD version (GNU Binutils) 2.40.0.20230620
GMP version 6.2.1, MPFR version 4.2.0, MPC version 1.3.1, isl version none
GGC heuristics: --param ggc-min-expand=100 --param ggc-min-heapsize=131072
ignoring nonexistent directory "/opt/fsl-imx-xwayland/6.1-mickledore/sysroots/armv8a-poky-linux/usr/lib/aarch64-poky-linux/12.3.0/include"
ignoring nonexistent directory "/opt/fsl-imx-xwayland/6.1-mickledore/sysroots/armv8a-poky-linux/usr/local/include"
ignoring nonexistent directory "/opt/fsl-imx-xwayland/6.1-mickledore/sysroots/x86_64-pokysdk-linux/usr/lib/aarch64-poky-linux/gcc/aarch64-poky-linux/12.3.0/../../../../../aarch64-poky-linux/include"
#include "..." search starts here:
#include <...> search starts here:
 /opt/fsl-imx-xwayland/6.1-mickledore/sysroots/x86_64-pokysdk-linux/usr/lib/aarch64-poky-linux/gcc/aarch64-poky-linux/12.3.0/include
 /opt/fsl-imx-xwayland/6.1-mickledore/sysroots/x86_64-pokysdk-linux/usr/lib/aarch64-poky-linux/gcc/aarch64-poky-linux/12.3.0/include-fixed
 /opt/fsl-imx-xwayland/6.1-mickledore/sysroots/armv8a-poky-linux/usr/include/
End of search list.
GNU C17 (GCC) version 12.3.0 (aarch64-poky-linux)
	compiled by GNU C version 12.3.0, GMP version 6.2.1, MPFR version 4.2.0, MPC version 1.3.1, isl version none
GGC heuristics: --param ggc-min-expand=100 --param ggc-min-heapsize=131072
Compiler executable checksum: 74068aeb1765dee100d198a64a544aad
COMPILER_PATH=/opt/fsl-imx-xwayland/6.1-mickledore/sysroots/x86_64-pokysdk-linux/usr/libexec/aarch64-poky-linux/gcc/aarch64-poky-linux/12.3.0/:/opt/fsl-imx-xwayland/6.1-mickledore/sysroots/x86_64-pokysdk-linux/usr/libexec/aarch64-poky-linux/gcc/aarch64-poky-linux/12.3.0/:/opt/fsl-imx-xwayland/6.1-mickledore/sysroots/x86_64-pokysdk-linux/usr/libexec/aarch64-poky-linux/gcc/aarch64-poky-linux/:/opt/fsl-imx-xwayland/6.1-mickledore/sysroots/x86_64-pokysdk-linux/usr/lib/aarch64-poky-linux/gcc/aarch64-poky-linux/12.3.0/:/opt/fsl-imx-xwayland/6.1-mickledore/sysroots/x86_64-pokysdk-linux/usr/lib/aarch64-poky-linux/gcc/aarch64-poky-linux/
LIBRARY_PATH=/opt/fsl-imx-xwayland/6.1-mickledore/sysroots/x86_64-pokysdk-linux/usr/lib/aarch64-poky-linux/gcc/aarch64-poky-linux/12.3.0/:/opt/fsl-imx-xwayland/6.1-mickledore/sysroots/armv8a-poky-linux/lib/:/opt/fsl-imx-xwayland/6.1-mickledore/sysroots/armv8a-poky-linux/usr/lib/aarch64-poky-linux/12.3.0/:/opt/fsl-imx-xwayland/6.1-mickledore/sysroots/armv8a-poky-linux/usr/lib/
COLLECT_GCC_OPTIONS='-march=armv8-a+crc+crypto' '-mbranch-protection=standard' '-fstack-protector-strong' '-O2' '-D' '_FORTIFY_SOURCE=2' '-Wformat=1' '-Wformat-security' '-Werror=format-security' '--sysroot=/opt/fsl-imx-xwayland/6.1-mickledore/sysroots/armv8a-poky-linux' '--sysroot=/opt/fsl-imx-xwayland/6.1-mickledore/sysroots/armv8a-poky-linux' '-O2' '-pipe' '-g' '-feliminate-unused-debug-types' '-v' '-o' 'CMakeFiles/cmTC_06884.dir/CMakeCCompilerABI.c.o' '-c' '-mlittle-endian' '-mabi=lp64' '-dumpdir' 'CMakeFiles/cmTC_06884.dir/CMakeCCompilerABI.c.'
Linking C executable cmTC_06884
/opt/fsl-imx-xwayland/6.1-mickledore/sysroots/x86_64-pokysdk-linux/usr/bin/cmake -E cmake_link_script CMakeFiles/cmTC_06884.dir/link.txt --verbose=1
/opt/fsl-imx-xwayland/6.1-mickledore/sysroots/x86_64-pokysdk-linux/usr/bin/aarch64-poky-linux/aarch64-poky-linux-gcc   -march=armv8-a+crc+crypto -mbranch-protection=standard -fstack-protector-strong  -O2 -D_FORTIFY_SOURCE=2 -Wformat -Wformat-security -Werror=format-security --sysroot=/opt/fsl-imx-xwayland/6.1-mickledore/sysroots/armv8a-poky-linux --sysroot=/opt/fsl-imx-xwayland/6.1-mickledore/sysroots/armv8a-poky-linux  -O2 -pipe -g -feliminate-unused-debug-types   -Wl,-O1 -Wl,--hash-style=gnu -Wl,--as-needed  -Wl,-z,relro,-z,now -v CMakeFiles/cmTC_06884.dir/CMakeCCompilerABI.c.o -o cmTC_06884 
Using built-in specs.
COLLECT_GCC=/opt/fsl-imx-xwayland/6.1-mickledore/sysroots/x86_64-pokysdk-linux/usr/bin/aarch64-poky-linux/aarch64-poky-linux-gcc
COLLECT_LTO_WRAPPER=/opt/fsl-imx-xwayland/6.1-mickledore/sysroots/x86_64-pokysdk-linux/usr/libexec/aarch64-poky-linux/gcc/aarch64-poky-linux/12.3.0/lto-wrapper
Target: aarch64-poky-linux
Configured with: ../../../../../../work-shared/gcc-12.3.0-r0/gcc-12.3.0/configure --build=x86_64-linux --host=x86_64-pokysdk-linux --target=aarch64-poky-linux --prefix=/usr/local/oe-sdk-hardcoded-buildpath/sysroots/x86_64-pokysdk-linux/usr --exec_prefix=/usr/local/oe-sdk-hardcoded-buildpath/sysroots/x86_64-pokysdk-linux/usr --bindir=/usr/local/oe-sdk-hardcoded-buildpath/sysroots/x86_64-pokysdk-linux/usr/bin/aarch64-poky-linux --sbindir=/usr/local/oe-sdk-hardcoded-buildpath/sysroots/x86_64-pokysdk-linux/usr/bin/aarch64-poky-linux --libexecdir=/usr/local/oe-sdk-hardcoded-buildpath/sysroots/x86_64-pokysdk-linux/usr/libexec/aarch64-poky-linux --datadir=/usr/local/oe-sdk-hardcoded-buildpath/sysroots/x86_64-pokysdk-linux/usr/share --sysconfdir=/usr/local/oe-sdk-hardcoded-buildpath/sysroots/x86_64-pokysdk-linux/etc --sharedstatedir=/usr/local/oe-sdk-hardcoded-buildpath/sysroots/x86_64-pokysdk-linux/com --localstatedir=/usr/local/oe-sdk-hardcoded-buildpath/sysroots/x86_64-pokysdk-linux/var --libdir=/usr/local/oe-sdk-hardcoded-buildpath/sysroots/x86_64-pokysdk-linux/usr/lib/aarch64-poky-linux --includedir=/usr/local/oe-sdk-hardcoded-buildpath/sysroots/x86_64-pokysdk-linux/usr/include --oldincludedir=/usr/local/oe-sdk-hardcoded-buildpath/sysroots/x86_64-pokysdk-linux/usr/include --infodir=/usr/local/oe-sdk-hardcoded-buildpath/sysroots/x86_64-pokysdk-linux/usr/share/info --mandir=/usr/local/oe-sdk-hardcoded-buildpath/sysroots/x86_64-pokysdk-linux/usr/share/man --disable-silent-rules --disable-dependency-tracking --with-libtool-sysroot=/home/zhangpan/imx-yocto-bsp-6.1.36-2.1.0/build/tmp/work/x86_64-nativesdk-pokysdk-linux/gcc-cross-canadian-aarch64/12.3.0-r0/recipe-sysroot --with-gnu-ld --enable-shared --enable-languages=c,c++ --enable-threads=posix --enable-multilib --enable-default-pie --enable-c99 --enable-long-long --enable-symvers=gnu --enable-libstdcxx-pch --program-prefix=aarch64-poky-linux- --without-local-prefix --disable-install-libiberty --disable-libssp --enable-libitm --enable-lto --disable-bootstrap --with-system-zlib --with-linker-hash-style=gnu --enable-linker-build-id --with-ppl=no --with-cloog=no --enable-checking=release --enable-cheaders=c_global --without-isl --with-gxx-include-dir=/not/exist/usr/include/c++/12.3.0 --with-build-time-tools=/home/zhangpan/imx-yocto-bsp-6.1.36-2.1.0/build/tmp/work/x86_64-nativesdk-pokysdk-linux/gcc-cross-canadian-aarch64/12.3.0-r0/recipe-sysroot-native/usr/aarch64-poky-linux/bin --with-sysroot=/not/exist --with-build-sysroot=/home/zhangpan/imx-yocto-bsp-6.1.36-2.1.0/build/tmp/work/x86_64-nativesdk-pokysdk-linux/gcc-cross-canadian-aarch64/12.3.0-r0/recipe-sysroot --with-plugin-ld=ld --enable-poison-system-directories --disable-static --enable-nls --with-glibc-version=2.28 --enable-initfini-array --enable-__cxa_atexit
Thread model: posix
Supported LTO compression algorithms: zlib zstd
gcc version 12.3.0 (GCC) 
COMPILER_PATH=/opt/fsl-imx-xwayland/6.1-mickledore/sysroots/x86_64-pokysdk-linux/usr/libexec/aarch64-poky-linux/gcc/aarch64-poky-linux/12.3.0/:/opt/fsl-imx-xwayland/6.1-mickledore/sysroots/x86_64-pokysdk-linux/usr/libexec/aarch64-poky-linux/gcc/aarch64-poky-linux/12.3.0/:/opt/fsl-imx-xwayland/6.1-mickledore/sysroots/x86_64-pokysdk-linux/usr/libexec/aarch64-poky-linux/gcc/aarch64-poky-linux/:/opt/fsl-imx-xwayland/6.1-mickledore/sysroots/x86_64-pokysdk-linux/usr/lib/aarch64-poky-linux/gcc/aarch64-poky-linux/12.3.0/:/opt/fsl-imx-xwayland/6.1-mickledore/sysroots/x86_64-pokysdk-linux/usr/lib/aarch64-poky-linux/gcc/aarch64-poky-linux/
LIBRARY_PATH=/opt/fsl-imx-xwayland/6.1-mickledore/sysroots/x86_64-pokysdk-linux/usr/lib/aarch64-poky-linux/gcc/aarch64-poky-linux/12.3.0/:/opt/fsl-imx-xwayland/6.1-mickledore/sysroots/armv8a-poky-linux/lib/:/opt/fsl-imx-xwayland/6.1-mickledore/sysroots/armv8a-poky-linux/usr/lib/aarch64-poky-linux/12.3.0/:/opt/fsl-imx-xwayland/6.1-mickledore/sysroots/armv8a-poky-linux/usr/lib/
COLLECT_GCC_OPTIONS='-march=armv8-a+crc+crypto' '-mbranch-protection=standard' '-fstack-protector-strong' '-O2' '-D' '_FORTIFY_SOURCE=2' '-Wformat=1' '-Wformat-security' '-Werror=format-security' '--sysroot=/opt/fsl-imx-xwayland/6.1-mickledore/sysroots/armv8a-poky-linux' '--sysroot=/opt/fsl-imx-xwayland/6.1-mickledore/sysroots/armv8a-poky-linux' '-O2' '-pipe' '-g' '-feliminate-unused-debug-types' '-v' '-o' 'cmTC_06884' '-mlittle-endian' '-mabi=lp64' '-dumpdir' 'cmTC_06884.'
 /opt/fsl-imx-xwayland/6.1-mickledore/sysroots/x86_64-pokysdk-linux/usr/libexec/aarch64-poky-linux/gcc/aarch64-poky-linux/12.3.0/collect2 -plugin /opt/fsl-imx-xwayland/6.1-mickledore/sysroots/x86_64-pokysdk-linux/usr/libexec/aarch64-poky-linux/gcc/aarch64-poky-linux/12.3.0/liblto_plugin.so -plugin-opt=/opt/fsl-imx-xwayland/6.1-mickledore/sysroots/x86_64-pokysdk-linux/usr/libexec/aarch64-poky-linux/gcc/aarch64-poky-linux/12.3.0/lto-wrapper -plugin-opt=-fresolution=/tmp/cck4BZ0R.res -plugin-opt=-pass-through=-lgcc -plugin-opt=-pass-through=-lgcc_s -plugin-opt=-pass-through=-lc -plugin-opt=-pass-through=-lgcc -plugin-opt=-pass-through=-lgcc_s --sysroot=/opt/fsl-imx-xwayland/6.1-mickledore/sysroots/armv8a-poky-linux --build-id --eh-frame-hdr --hash-style=gnu -dynamic-linker /lib/ld-linux-aarch64.so.1 -X -EL -maarch64linux -pie -o cmTC_06884 /opt/fsl-imx-xwayland/6.1-mickledore/sysroots/armv8a-poky-linux/usr/lib/Scrt1.o /opt/fsl-imx-xwayland/6.1-mickledore/sysroots/armv8a-poky-linux/usr/lib/crti.o /opt/fsl-imx-xwayland/6.1-mickledore/sysroots/armv8a-poky-linux/usr/lib/aarch64-poky-linux/12.3.0/crtbeginS.o -L/opt/fsl-imx-xwayland/6.1-mickledore/sysroots/x86_64-pokysdk-linux/usr/lib/aarch64-poky-linux/gcc/aarch64-poky-linux/12.3.0 -L/opt/fsl-imx-xwayland/6.1-mickledore/sysroots/armv8a-poky-linux/lib -L/opt/fsl-imx-xwayland/6.1-mickledore/sysroots/armv8a-poky-linux/usr/lib/aarch64-poky-linux/12.3.0 -L/opt/fsl-imx-xwayland/6.1-mickledore/sysroots/armv8a-poky-linux/usr/lib -O1 --hash-style=gnu --as-needed -z relro -z now CMakeFiles/cmTC_06884.dir/CMakeCCompilerABI.c.o -lgcc --push-state --as-needed -lgcc_s --pop-state -lc -lgcc --push-state --as-needed -lgcc_s --pop-state /opt/fsl-imx-xwayland/6.1-mickledore/sysroots/armv8a-poky-linux/usr/lib/aarch64-poky-linux/12.3.0/crtendS.o /opt/fsl-imx-xwayland/6.1-mickledore/sysroots/armv8a-poky-linux/usr/lib/crtn.o
COLLECT_GCC_OPTIONS='-march=armv8-a+crc+crypto' '-mbranch-protection=standard' '-fstack-protector-strong' '-O2' '-D' '_FORTIFY_SOURCE=2' '-Wformat=1' '-Wformat-security' '-Werror=format-security' '--sysroot=/opt/fsl-imx-xwayland/6.1-mickledore/sysroots/armv8a-poky-linux' '--sysroot=/opt/fsl-imx-xwayland/6.1-mickledore/sysroots/armv8a-poky-linux' '-O2' '-pipe' '-g' '-feliminate-unused-debug-types' '-v' '-o' 'cmTC_06884' '-mlittle-endian' '-mabi=lp64' '-dumpdir' 'cmTC_06884.'
gmake[1]: Leaving directory '/home/forlinx/sqlite3/wavegen_v1/build_arm/CMakeFiles/CMakeScratch/TryCompile-88Gr7b'



Parsed C implicit include dir info from above output: rv=done
  found start of include info
  found start of implicit include info
    add: [/opt/fsl-imx-xwayland/6.1-mickledore/sysroots/x86_64-pokysdk-linux/usr/lib/aarch64-poky-linux/gcc/aarch64-poky-linux/12.3.0/include]
    add: [/opt/fsl-imx-xwayland/6.1-mickledore/sysroots/x86_64-pokysdk-linux/usr/lib/aarch64-poky-linux/gcc/aarch64-poky-linux/12.3.0/include-fixed]
    add: [/opt/fsl-imx-xwayland/6.1-mickledore/sysroots/armv8a-poky-linux/usr/include/]
  end of search list found
  collapse include dir [/opt/fsl-imx-xwayland/6.1-mickledore/sysroots/x86_64-pokysdk-linux/usr/lib/aarch64-poky-linux/gcc/aarch64-poky-linux/12.3.0/include] ==> [/opt/fsl-imx-xwayland/6.1-mickledore/sysroots/x86_64-pokysdk-linux/usr/lib/aarch64-poky-linux/gcc/aarch64-poky-linux/12.3.0/include]
  collapse include dir [/opt/fsl-imx-xwayland/6.1-mickledore/sysroots/x86_64-pokysdk-linux/usr/lib/aarch64-poky-linux/gcc/aarch64-poky-linux/12.3.0/include-fixed] ==> [/opt/fsl-imx-xwayland/6.1-mickledore/sysroots/x86_64-pokysdk-linux/usr/lib/aarch64-poky-linux/gcc/aarch64-poky-linux/12.3.0/include-fixed]
  collapse include dir [/opt/fsl-imx-xwayland/6.1-mickledore/sysroots/armv8a-poky-linux/usr/include/] ==> [/opt/fsl-imx-xwayland/6.1-mickledore/sysroots/armv8a-poky-linux/usr/include]
  implicit include dirs: [/opt/fsl-imx-xwayland/6.1-mickledore/sysroots/x86_64-pokysdk-linux/usr/lib/aarch64-poky-linux/gcc/aarch64-poky-linux/12.3.0/include;/opt/fsl-imx-xwayland/6.1-mickledore/sysroots/x86_64-pokysdk-linux/usr/lib/aarch64-poky-linux/gcc/aarch64-poky-linux/12.3.0/include-fixed;/opt/fsl-imx-xwayland/6.1-mickledore/sysroots/armv8a-poky-linux/usr/include]


Parsed C implicit link information from above output:
  link line regex: [^( *|.*[/\])(aarch64-poky-linux-ld|CMAKE_LINK_STARTFILE-NOTFOUND|([^/\]+-)?ld|collect2)[^/\]*( |$)]
  ignore line: [Change Dir: /home/forlinx/sqlite3/wavegen_v1/build_arm/CMakeFiles/CMakeScratch/TryCompile-88Gr7b]
  ignore line: []
  ignore line: [Run Build Command(s):/usr/bin/gmake -f Makefile cmTC_06884/fast && /usr/bin/gmake  -f CMakeFiles/cmTC_06884.dir/build.make CMakeFiles/cmTC_06884.dir/build]
  ignore line: [gmake[1]: Entering directory '/home/forlinx/sqlite3/wavegen_v1/build_arm/CMakeFiles/CMakeScratch/TryCompile-88Gr7b']
  ignore line: [Building C object CMakeFiles/cmTC_06884.dir/CMakeCCompilerABI.c.o]
  ignore line: [/opt/fsl-imx-xwayland/6.1-mickledore/sysroots/x86_64-pokysdk-linux/usr/bin/aarch64-poky-linux/aarch64-poky-linux-gcc   -march=armv8-a+crc+crypto -mbranch-protection=standard -fstack-protector-strong  -O2 -D_FORTIFY_SOURCE=2 -Wformat -Wformat-security -Werror=format-security --sysroot=/opt/fsl-imx-xwayland/6.1-mickledore/sysroots/armv8a-poky-linux --sysroot=/opt/fsl-imx-xwayland/6.1-mickledore/sysroots/armv8a-poky-linux   -O2 -pipe -g -feliminate-unused-debug-types     -v -o CMakeFiles/cmTC_06884.dir/CMakeCCompilerABI.c.o -c /opt/fsl-imx-xwayland/6.1-mickledore/sysroots/x86_64-pokysdk-linux/usr/share/cmake-3.25/Modules/CMakeCCompilerABI.c]
  ignore line: [Using built-in specs.]
  ignore line: [COLLECT_GCC=/opt/fsl-imx-xwayland/6.1-mickledore/sysroots/x86_64-pokysdk-linux/usr/bin/aarch64-poky-linux/aarch64-poky-linux-gcc]
  ignore line: [Target: aarch64-poky-linux]
  ignore line: [Configured with: ../../../../../../work-shared/gcc-12.3.0-r0/gcc-12.3.0/configure --build=x86_64-linux --host=x86_64-pokysdk-linux --target=aarch64-poky-linux --prefix=/usr/local/oe-sdk-hardcoded-buildpath/sysroots/x86_64-pokysdk-linux/usr --exec_prefix=/usr/local/oe-sdk-hardcoded-buildpath/sysroots/x86_64-pokysdk-linux/usr --bindir=/usr/local/oe-sdk-hardcoded-buildpath/sysroots/x86_64-pokysdk-linux/usr/bin/aarch64-poky-linux --sbindir=/usr/local/oe-sdk-hardcoded-buildpath/sysroots/x86_64-pokysdk-linux/usr/bin/aarch64-poky-linux --libexecdir=/usr/local/oe-sdk-hardcoded-buildpath/sysroots/x86_64-pokysdk-linux/usr/libexec/aarch64-poky-linux --datadir=/usr/local/oe-sdk-hardcoded-buildpath/sysroots/x86_64-pokysdk-linux/usr/share --sysconfdir=/usr/local/oe-sdk-hardcoded-buildpath/sysroots/x86_64-pokysdk-linux/etc --sharedstatedir=/usr/local/oe-sdk-hardcoded-buildpath/sysroots/x86_64-pokysdk-linux/com --localstatedir=/usr/local/oe-sdk-hardcoded-buildpath/sysroots/x86_64-pokysdk-linux/var --libdir=/usr/local/oe-sdk-hardcoded-buildpath/sysroots/x86_64-pokysdk-linux/usr/lib/aarch64-poky-linux --includedir=/usr/local/oe-sdk-hardcoded-buildpath/sysroots/x86_64-pokysdk-linux/usr/include --oldincludedir=/usr/local/oe-sdk-hardcoded-buildpath/sysroots/x86_64-pokysdk-linux/usr/include --infodir=/usr/local/oe-sdk-hardcoded-buildpath/sysroots/x86_64-pokysdk-linux/usr/share/info --mandir=/usr/local/oe-sdk-hardcoded-buildpath/sysroots/x86_64-pokysdk-linux/usr/share/man --disable-silent-rules --disable-dependency-tracking --with-libtool-sysroot=/home/zhangpan/imx-yocto-bsp-6.1.36-2.1.0/build/tmp/work/x86_64-nativesdk-pokysdk-linux/gcc-cross-canadian-aarch64/12.3.0-r0/recipe-sysroot --with-gnu-ld --enable-shared --enable-languages=c,c++ --enable-threads=posix --enable-multilib --enable-default-pie --enable-c99 --enable-long-long --enable-symvers=gnu --enable-libstdcxx-pch --program-prefix=aarch64-poky-linux- --without-local-prefix --disable-install-libiberty --disable-libssp --enable-libitm --enable-lto --disable-bootstrap --with-system-zlib --with-linker-hash-style=gnu --enable-linker-build-id --with-ppl=no --with-cloog=no --enable-checking=release --enable-cheaders=c_global --without-isl --with-gxx-include-dir=/not/exist/usr/include/c++/12.3.0 --with-build-time-tools=/home/zhangpan/imx-yocto-bsp-6.1.36-2.1.0/build/tmp/work/x86_64-nativesdk-pokysdk-linux/gcc-cross-canadian-aarch64/12.3.0-r0/recipe-sysroot-native/usr/aarch64-poky-linux/bin --with-sysroot=/not/exist --with-build-sysroot=/home/zhangpan/imx-yocto-bsp-6.1.36-2.1.0/build/tmp/work/x86_64-nativesdk-pokysdk-linux/gcc-cross-canadian-aarch64/12.3.0-r0/recipe-sysroot --with-plugin-ld=ld --enable-poison-system-directories --disable-static --enable-nls --with-glibc-version=2.28 --enable-initfini-array --enable-__cxa_atexit]
  ignore line: [Thread model: posix]
  ignore line: [Supported LTO compression algorithms: zlib zstd]
  ignore line: [gcc version 12.3.0 (GCC) ]
  ignore line: [COLLECT_GCC_OPTIONS='-march=armv8-a+crc+crypto' '-mbranch-protection=standard' '-fstack-protector-strong' '-O2' '-D' '_FORTIFY_SOURCE=2' '-Wformat=1' '-Wformat-security' '-Werror=format-security' '--sysroot=/opt/fsl-imx-xwayland/6.1-mickledore/sysroots/armv8a-poky-linux' '--sysroot=/opt/fsl-imx-xwayland/6.1-mickledore/sysroots/armv8a-poky-linux' '-O2' '-pipe' '-g' '-feliminate-unused-debug-types' '-v' '-o' 'CMakeFiles/cmTC_06884.dir/CMakeCCompilerABI.c.o' '-c' '-mlittle-endian' '-mabi=lp64' '-dumpdir' 'CMakeFiles/cmTC_06884.dir/']
  ignore line: [ /opt/fsl-imx-xwayland/6.1-mickledore/sysroots/x86_64-pokysdk-linux/usr/libexec/aarch64-poky-linux/gcc/aarch64-poky-linux/12.3.0/cc1 -quiet -v -isysroot /opt/fsl-imx-xwayland/6.1-mickledore/sysroots/armv8a-poky-linux -D _FORTIFY_SOURCE=2 /opt/fsl-imx-xwayland/6.1-mickledore/sysroots/x86_64-pokysdk-linux/usr/share/cmake-3.25/Modules/CMakeCCompilerABI.c -quiet -dumpdir CMakeFiles/cmTC_06884.dir/ -dumpbase CMakeCCompilerABI.c.c -dumpbase-ext .c -march=armv8-a+crc+crypto -mbranch-protection=standard -mlittle-endian -mabi=lp64 -g -O2 -O2 -Wformat=1 -Wformat-security -Werror=format-security -version -fstack-protector-strong -feliminate-unused-debug-types -o - |]
  ignore line: [ /opt/fsl-imx-xwayland/6.1-mickledore/sysroots/x86_64-pokysdk-linux/usr/libexec/aarch64-poky-linux/gcc/aarch64-poky-linux/12.3.0/as -v --gdwarf-5 -EL -march=armv8-a+crc+crypto -mabi=lp64 -o CMakeFiles/cmTC_06884.dir/CMakeCCompilerABI.c.o]
  ignore line: [GNU C17 (GCC) version 12.3.0 (aarch64-poky-linux)]
  ignore line: [	compiled by GNU C version 12.3.0  GNU assembler version 2.40.0 (aarch64-poky-linux) using BFD version (GNU Binutils) 2.40.0.20230620]
  ignore line: [GMP version 6.2.1  MPFR version 4.2.0  MPC version 1.3.1  isl version none]
  ignore line: [GGC heuristics: --param ggc-min-expand=100 --param ggc-min-heapsize=131072]
  ignore line: [ignoring nonexistent directory "/opt/fsl-imx-xwayland/6.1-mickledore/sysroots/armv8a-poky-linux/usr/lib/aarch64-poky-linux/12.3.0/include"]
  ignore line: [ignoring nonexistent directory "/opt/fsl-imx-xwayland/6.1-mickledore/sysroots/armv8a-poky-linux/usr/local/include"]
  ignore line: [ignoring nonexistent directory "/opt/fsl-imx-xwayland/6.1-mickledore/sysroots/x86_64-pokysdk-linux/usr/lib/aarch64-poky-linux/gcc/aarch64-poky-linux/12.3.0/../../../../../aarch64-poky-linux/include"]
  ignore line: [#include "..." search starts here:]
  ignore line: [#include <...> search starts here:]
  ignore line: [ /opt/fsl-imx-xwayland/6.1-mickledore/sysroots/x86_64-pokysdk-linux/usr/lib/aarch64-poky-linux/gcc/aarch64-poky-linux/12.3.0/include]
  ignore line: [ /opt/fsl-imx-xwayland/6.1-mickledore/sysroots/x86_64-pokysdk-linux/usr/lib/aarch64-poky-linux/gcc/aarch64-poky-linux/12.3.0/include-fixed]
  ignore line: [ /opt/fsl-imx-xwayland/6.1-mickledore/sysroots/armv8a-poky-linux/usr/include/]
  ignore line: [End of search list.]
  ignore line: [GNU C17 (GCC) version 12.3.0 (aarch64-poky-linux)]
  ignore line: [	compiled by GNU C version 12.3.0  GMP version 6.2.1  MPFR version 4.2.0  MPC version 1.3.1  isl version none]
  ignore line: [GGC heuristics: --param ggc-min-expand=100 --param ggc-min-heapsize=131072]
  ignore line: [Compiler executable checksum: 74068aeb1765dee100d198a64a544aad]
  ignore line: [COMPILER_PATH=/opt/fsl-imx-xwayland/6.1-mickledore/sysroots/x86_64-pokysdk-linux/usr/libexec/aarch64-poky-linux/gcc/aarch64-poky-linux/12.3.0/:/opt/fsl-imx-xwayland/6.1-mickledore/sysroots/x86_64-pokysdk-linux/usr/libexec/aarch64-poky-linux/gcc/aarch64-poky-linux/12.3.0/:/opt/fsl-imx-xwayland/6.1-mickledore/sysroots/x86_64-pokysdk-linux/usr/libexec/aarch64-poky-linux/gcc/aarch64-poky-linux/:/opt/fsl-imx-xwayland/6.1-mickledore/sysroots/x86_64-pokysdk-linux/usr/lib/aarch64-poky-linux/gcc/aarch64-poky-linux/12.3.0/:/opt/fsl-imx-xwayland/6.1-mickledore/sysroots/x86_64-pokysdk-linux/usr/lib/aarch64-poky-linux/gcc/aarch64-poky-linux/]
  ignore line: [LIBRARY_PATH=/opt/fsl-imx-xwayland/6.1-mickledore/sysroots/x86_64-pokysdk-linux/usr/lib/aarch64-poky-linux/gcc/aarch64-poky-linux/12.3.0/:/opt/fsl-imx-xwayland/6.1-mickledore/sysroots/armv8a-poky-linux/lib/:/opt/fsl-imx-xwayland/6.1-mickledore/sysroots/armv8a-poky-linux/usr/lib/aarch64-poky-linux/12.3.0/:/opt/fsl-imx-xwayland/6.1-mickledore/sysroots/armv8a-poky-linux/usr/lib/]
  ignore line: [COLLECT_GCC_OPTIONS='-march=armv8-a+crc+crypto' '-mbranch-protection=standard' '-fstack-protector-strong' '-O2' '-D' '_FORTIFY_SOURCE=2' '-Wformat=1' '-Wformat-security' '-Werror=format-security' '--sysroot=/opt/fsl-imx-xwayland/6.1-mickledore/sysroots/armv8a-poky-linux' '--sysroot=/opt/fsl-imx-xwayland/6.1-mickledore/sysroots/armv8a-poky-linux' '-O2' '-pipe' '-g' '-feliminate-unused-debug-types' '-v' '-o' 'CMakeFiles/cmTC_06884.dir/CMakeCCompilerABI.c.o' '-c' '-mlittle-endian' '-mabi=lp64' '-dumpdir' 'CMakeFiles/cmTC_06884.dir/CMakeCCompilerABI.c.']
  ignore line: [Linking C executable cmTC_06884]
  ignore line: [/opt/fsl-imx-xwayland/6.1-mickledore/sysroots/x86_64-pokysdk-linux/usr/bin/cmake -E cmake_link_script CMakeFiles/cmTC_06884.dir/link.txt --verbose=1]
  ignore line: [/opt/fsl-imx-xwayland/6.1-mickledore/sysroots/x86_64-pokysdk-linux/usr/bin/aarch64-poky-linux/aarch64-poky-linux-gcc   -march=armv8-a+crc+crypto -mbranch-protection=standard -fstack-protector-strong  -O2 -D_FORTIFY_SOURCE=2 -Wformat -Wformat-security -Werror=format-security --sysroot=/opt/fsl-imx-xwayland/6.1-mickledore/sysroots/armv8a-poky-linux --sysroot=/opt/fsl-imx-xwayland/6.1-mickledore/sysroots/armv8a-poky-linux  -O2 -pipe -g -feliminate-unused-debug-types   -Wl -O1 -Wl --hash-style=gnu -Wl --as-needed  -Wl -z relro -z now -v CMakeFiles/cmTC_06884.dir/CMakeCCompilerABI.c.o -o cmTC_06884 ]
  ignore line: [Using built-in specs.]
  ignore line: [COLLECT_GCC=/opt/fsl-imx-xwayland/6.1-mickledore/sysroots/x86_64-pokysdk-linux/usr/bin/aarch64-poky-linux/aarch64-poky-linux-gcc]
  ignore line: [COLLECT_LTO_WRAPPER=/opt/fsl-imx-xwayland/6.1-mickledore/sysroots/x86_64-pokysdk-linux/usr/libexec/aarch64-poky-linux/gcc/aarch64-poky-linux/12.3.0/lto-wrapper]
  ignore line: [Target: aarch64-poky-linux]
  ignore line: [Configured with: ../../../../../../work-shared/gcc-12.3.0-r0/gcc-12.3.0/configure --build=x86_64-linux --host=x86_64-pokysdk-linux --target=aarch64-poky-linux --prefix=/usr/local/oe-sdk-hardcoded-buildpath/sysroots/x86_64-pokysdk-linux/usr --exec_prefix=/usr/local/oe-sdk-hardcoded-buildpath/sysroots/x86_64-pokysdk-linux/usr --bindir=/usr/local/oe-sdk-hardcoded-buildpath/sysroots/x86_64-pokysdk-linux/usr/bin/aarch64-poky-linux --sbindir=/usr/local/oe-sdk-hardcoded-buildpath/sysroots/x86_64-pokysdk-linux/usr/bin/aarch64-poky-linux --libexecdir=/usr/local/oe-sdk-hardcoded-buildpath/sysroots/x86_64-pokysdk-linux/usr/libexec/aarch64-poky-linux --datadir=/usr/local/oe-sdk-hardcoded-buildpath/sysroots/x86_64-pokysdk-linux/usr/share --sysconfdir=/usr/local/oe-sdk-hardcoded-buildpath/sysroots/x86_64-pokysdk-linux/etc --sharedstatedir=/usr/local/oe-sdk-hardcoded-buildpath/sysroots/x86_64-pokysdk-linux/com --localstatedir=/usr/local/oe-sdk-hardcoded-buildpath/sysroots/x86_64-pokysdk-linux/var --libdir=/usr/local/oe-sdk-hardcoded-buildpath/sysroots/x86_64-pokysdk-linux/usr/lib/aarch64-poky-linux --includedir=/usr/local/oe-sdk-hardcoded-buildpath/sysroots/x86_64-pokysdk-linux/usr/include --oldincludedir=/usr/local/oe-sdk-hardcoded-buildpath/sysroots/x86_64-pokysdk-linux/usr/include --infodir=/usr/local/oe-sdk-hardcoded-buildpath/sysroots/x86_64-pokysdk-linux/usr/share/info --mandir=/usr/local/oe-sdk-hardcoded-buildpath/sysroots/x86_64-pokysdk-linux/usr/share/man --disable-silent-rules --disable-dependency-tracking --with-libtool-sysroot=/home/zhangpan/imx-yocto-bsp-6.1.36-2.1.0/build/tmp/work/x86_64-nativesdk-pokysdk-linux/gcc-cross-canadian-aarch64/12.3.0-r0/recipe-sysroot --with-gnu-ld --enable-shared --enable-languages=c,c++ --enable-threads=posix --enable-multilib --enable-default-pie --enable-c99 --enable-long-long --enable-symvers=gnu --enable-libstdcxx-pch --program-prefix=aarch64-poky-linux- --without-local-prefix --disable-install-libiberty --disable-libssp --enable-libitm --enable-lto --disable-bootstrap --with-system-zlib --with-linker-hash-style=gnu --enable-linker-build-id --with-ppl=no --with-cloog=no --enable-checking=release --enable-cheaders=c_global --without-isl --with-gxx-include-dir=/not/exist/usr/include/c++/12.3.0 --with-build-time-tools=/home/zhangpan/imx-yocto-bsp-6.1.36-2.1.0/build/tmp/work/x86_64-nativesdk-pokysdk-linux/gcc-cross-canadian-aarch64/12.3.0-r0/recipe-sysroot-native/usr/aarch64-poky-linux/bin --with-sysroot=/not/exist --with-build-sysroot=/home/zhangpan/imx-yocto-bsp-6.1.36-2.1.0/build/tmp/work/x86_64-nativesdk-pokysdk-linux/gcc-cross-canadian-aarch64/12.3.0-r0/recipe-sysroot --with-plugin-ld=ld --enable-poison-system-directories --disable-static --enable-nls --with-glibc-version=2.28 --enable-initfini-array --enable-__cxa_atexit]
  ignore line: [Thread model: posix]
  ignore line: [Supported LTO compression algorithms: zlib zstd]
  ignore line: [gcc version 12.3.0 (GCC) ]
  ignore line: [COMPILER_PATH=/opt/fsl-imx-xwayland/6.1-mickledore/sysroots/x86_64-pokysdk-linux/usr/libexec/aarch64-poky-linux/gcc/aarch64-poky-linux/12.3.0/:/opt/fsl-imx-xwayland/6.1-mickledore/sysroots/x86_64-pokysdk-linux/usr/libexec/aarch64-poky-linux/gcc/aarch64-poky-linux/12.3.0/:/opt/fsl-imx-xwayland/6.1-mickledore/sysroots/x86_64-pokysdk-linux/usr/libexec/aarch64-poky-linux/gcc/aarch64-poky-linux/:/opt/fsl-imx-xwayland/6.1-mickledore/sysroots/x86_64-pokysdk-linux/usr/lib/aarch64-poky-linux/gcc/aarch64-poky-linux/12.3.0/:/opt/fsl-imx-xwayland/6.1-mickledore/sysroots/x86_64-pokysdk-linux/usr/lib/aarch64-poky-linux/gcc/aarch64-poky-linux/]
  ignore line: [LIBRARY_PATH=/opt/fsl-imx-xwayland/6.1-mickledore/sysroots/x86_64-pokysdk-linux/usr/lib/aarch64-poky-linux/gcc/aarch64-poky-linux/12.3.0/:/opt/fsl-imx-xwayland/6.1-mickledore/sysroots/armv8a-poky-linux/lib/:/opt/fsl-imx-xwayland/6.1-mickledore/sysroots/armv8a-poky-linux/usr/lib/aarch64-poky-linux/12.3.0/:/opt/fsl-imx-xwayland/6.1-mickledore/sysroots/armv8a-poky-linux/usr/lib/]
  ignore line: [COLLECT_GCC_OPTIONS='-march=armv8-a+crc+crypto' '-mbranch-protection=standard' '-fstack-protector-strong' '-O2' '-D' '_FORTIFY_SOURCE=2' '-Wformat=1' '-Wformat-security' '-Werror=format-security' '--sysroot=/opt/fsl-imx-xwayland/6.1-mickledore/sysroots/armv8a-poky-linux' '--sysroot=/opt/fsl-imx-xwayland/6.1-mickledore/sysroots/armv8a-poky-linux' '-O2' '-pipe' '-g' '-feliminate-unused-debug-types' '-v' '-o' 'cmTC_06884' '-mlittle-endian' '-mabi=lp64' '-dumpdir' 'cmTC_06884.']
  link line: [ /opt/fsl-imx-xwayland/6.1-mickledore/sysroots/x86_64-pokysdk-linux/usr/libexec/aarch64-poky-linux/gcc/aarch64-poky-linux/12.3.0/collect2 -plugin /opt/fsl-imx-xwayland/6.1-mickledore/sysroots/x86_64-pokysdk-linux/usr/libexec/aarch64-poky-linux/gcc/aarch64-poky-linux/12.3.0/liblto_plugin.so -plugin-opt=/opt/fsl-imx-xwayland/6.1-mickledore/sysroots/x86_64-pokysdk-linux/usr/libexec/aarch64-poky-linux/gcc/aarch64-poky-linux/12.3.0/lto-wrapper -plugin-opt=-fresolution=/tmp/cck4BZ0R.res -plugin-opt=-pass-through=-lgcc -plugin-opt=-pass-through=-lgcc_s -plugin-opt=-pass-through=-lc -plugin-opt=-pass-through=-lgcc -plugin-opt=-pass-through=-lgcc_s --sysroot=/opt/fsl-imx-xwayland/6.1-mickledore/sysroots/armv8a-poky-linux --build-id --eh-frame-hdr --hash-style=gnu -dynamic-linker /lib/ld-linux-aarch64.so.1 -X -EL -maarch64linux -pie -o cmTC_06884 /opt/fsl-imx-xwayland/6.1-mickledore/sysroots/armv8a-poky-linux/usr/lib/Scrt1.o /opt/fsl-imx-xwayland/6.1-mickledore/sysroots/armv8a-poky-linux/usr/lib/crti.o /opt/fsl-imx-xwayland/6.1-mickledore/sysroots/armv8a-poky-linux/usr/lib/aarch64-poky-linux/12.3.0/crtbeginS.o -L/opt/fsl-imx-xwayland/6.1-mickledore/sysroots/x86_64-pokysdk-linux/usr/lib/aarch64-poky-linux/gcc/aarch64-poky-linux/12.3.0 -L/opt/fsl-imx-xwayland/6.1-mickledore/sysroots/armv8a-poky-linux/lib -L/opt/fsl-imx-xwayland/6.1-mickledore/sysroots/armv8a-poky-linux/usr/lib/aarch64-poky-linux/12.3.0 -L/opt/fsl-imx-xwayland/6.1-mickledore/sysroots/armv8a-poky-linux/usr/lib -O1 --hash-style=gnu --as-needed -z relro -z now CMakeFiles/cmTC_06884.dir/CMakeCCompilerABI.c.o -lgcc --push-state --as-needed -lgcc_s --pop-state -lc -lgcc --push-state --as-needed -lgcc_s --pop-state /opt/fsl-imx-xwayland/6.1-mickledore/sysroots/armv8a-poky-linux/usr/lib/aarch64-poky-linux/12.3.0/crtendS.o /opt/fsl-imx-xwayland/6.1-mickledore/sysroots/armv8a-poky-linux/usr/lib/crtn.o]
    arg [/opt/fsl-imx-xwayland/6.1-mickledore/sysroots/x86_64-pokysdk-linux/usr/libexec/aarch64-poky-linux/gcc/aarch64-poky-linux/12.3.0/collect2] ==> ignore
    arg [-plugin] ==> ignore
    arg [/opt/fsl-imx-xwayland/6.1-mickledore/sysroots/x86_64-pokysdk-linux/usr/libexec/aarch64-poky-linux/gcc/aarch64-poky-linux/12.3.0/liblto_plugin.so] ==> ignore
    arg [-plugin-opt=/opt/fsl-imx-xwayland/6.1-mickledore/sysroots/x86_64-pokysdk-linux/usr/libexec/aarch64-poky-linux/gcc/aarch64-poky-linux/12.3.0/lto-wrapper] ==> ignore
    arg [-plugin-opt=-fresolution=/tmp/cck4BZ0R.res] ==> ignore
    arg [-plugin-opt=-pass-through=-lgcc] ==> ignore
    arg [-plugin-opt=-pass-through=-lgcc_s] ==> ignore
    arg [-plugin-opt=-pass-through=-lc] ==> ignore
    arg [-plugin-opt=-pass-through=-lgcc] ==> ignore
    arg [-plugin-opt=-pass-through=-lgcc_s] ==> ignore
    arg [--sysroot=/opt/fsl-imx-xwayland/6.1-mickledore/sysroots/armv8a-poky-linux] ==> ignore
    arg [--build-id] ==> ignore
    arg [--eh-frame-hdr] ==> ignore
    arg [--hash-style=gnu] ==> ignore
    arg [-dynamic-linker] ==> ignore
    arg [/lib/ld-linux-aarch64.so.1] ==> ignore
    arg [-X] ==> ignore
    arg [-EL] ==> ignore
    arg [-maarch64linux] ==> ignore
    arg [-pie] ==> ignore
    arg [-o] ==> ignore
    arg [cmTC_06884] ==> ignore
    arg [/opt/fsl-imx-xwayland/6.1-mickledore/sysroots/armv8a-poky-linux/usr/lib/Scrt1.o] ==> obj [/opt/fsl-imx-xwayland/6.1-mickledore/sysroots/armv8a-poky-linux/usr/lib/Scrt1.o]
    arg [/opt/fsl-imx-xwayland/6.1-mickledore/sysroots/armv8a-poky-linux/usr/lib/crti.o] ==> obj [/opt/fsl-imx-xwayland/6.1-mickledore/sysroots/armv8a-poky-linux/usr/lib/crti.o]
    arg [/opt/fsl-imx-xwayland/6.1-mickledore/sysroots/armv8a-poky-linux/usr/lib/aarch64-poky-linux/12.3.0/crtbeginS.o] ==> obj [/opt/fsl-imx-xwayland/6.1-mickledore/sysroots/armv8a-poky-linux/usr/lib/aarch64-poky-linux/12.3.0/crtbeginS.o]
    arg [-L/opt/fsl-imx-xwayland/6.1-mickledore/sysroots/x86_64-pokysdk-linux/usr/lib/aarch64-poky-linux/gcc/aarch64-poky-linux/12.3.0] ==> dir [/opt/fsl-imx-xwayland/6.1-mickledore/sysroots/x86_64-pokysdk-linux/usr/lib/aarch64-poky-linux/gcc/aarch64-poky-linux/12.3.0]
    arg [-L/opt/fsl-imx-xwayland/6.1-mickledore/sysroots/armv8a-poky-linux/lib] ==> dir [/opt/fsl-imx-xwayland/6.1-mickledore/sysroots/armv8a-poky-linux/lib]
    arg [-L/opt/fsl-imx-xwayland/6.1-mickledore/sysroots/armv8a-poky-linux/usr/lib/aarch64-poky-linux/12.3.0] ==> dir [/opt/fsl-imx-xwayland/6.1-mickledore/sysroots/armv8a-poky-linux/usr/lib/aarch64-poky-linux/12.3.0]
    arg [-L/opt/fsl-imx-xwayland/6.1-mickledore/sysroots/armv8a-poky-linux/usr/lib] ==> dir [/opt/fsl-imx-xwayland/6.1-mickledore/sysroots/armv8a-poky-linux/usr/lib]
    arg [-O1] ==> ignore
    arg [--hash-style=gnu] ==> ignore
    arg [--as-needed] ==> ignore
    arg [-zrelro] ==> ignore
    arg [-znow] ==> ignore
    arg [CMakeFiles/cmTC_06884.dir/CMakeCCompilerABI.c.o] ==> ignore
    arg [-lgcc] ==> lib [gcc]
    arg [--push-state] ==> ignore
    arg [--as-needed] ==> ignore
    arg [-lgcc_s] ==> lib [gcc_s]
    arg [--pop-state] ==> ignore
    arg [-lc] ==> lib [c]
    arg [-lgcc] ==> lib [gcc]
    arg [--push-state] ==> ignore
    arg [--as-needed] ==> ignore
    arg [-lgcc_s] ==> lib [gcc_s]
    arg [--pop-state] ==> ignore
    arg [/opt/fsl-imx-xwayland/6.1-mickledore/sysroots/armv8a-poky-linux/usr/lib/aarch64-poky-linux/12.3.0/crtendS.o] ==> obj [/opt/fsl-imx-xwayland/6.1-mickledore/sysroots/armv8a-poky-linux/usr/lib/aarch64-poky-linux/12.3.0/crtendS.o]
    arg [/opt/fsl-imx-xwayland/6.1-mickledore/sysroots/armv8a-poky-linux/usr/lib/crtn.o] ==> obj [/opt/fsl-imx-xwayland/6.1-mickledore/sysroots/armv8a-poky-linux/usr/lib/crtn.o]
  collapse library dir [/opt/fsl-imx-xwayland/6.1-mickledore/sysroots/x86_64-pokysdk-linux/usr/lib/aarch64-poky-linux/gcc/aarch64-poky-linux/12.3.0] ==> [/opt/fsl-imx-xwayland/6.1-mickledore/sysroots/x86_64-pokysdk-linux/usr/lib/aarch64-poky-linux/gcc/aarch64-poky-linux/12.3.0]
  collapse library dir [/opt/fsl-imx-xwayland/6.1-mickledore/sysroots/armv8a-poky-linux/lib] ==> [/opt/fsl-imx-xwayland/6.1-mickledore/sysroots/armv8a-poky-linux/lib]
  collapse library dir [/opt/fsl-imx-xwayland/6.1-mickledore/sysroots/armv8a-poky-linux/usr/lib/aarch64-poky-linux/12.3.0] ==> [/opt/fsl-imx-xwayland/6.1-mickledore/sysroots/armv8a-poky-linux/usr/lib/aarch64-poky-linux/12.3.0]
  collapse library dir [/opt/fsl-imx-xwayland/6.1-mickledore/sysroots/armv8a-poky-linux/usr/lib] ==> [/opt/fsl-imx-xwayland/6.1-mickledore/sysroots/armv8a-poky-linux/usr/lib]
  implicit libs: [gcc;gcc_s;c;gcc;gcc_s]
  implicit objs: [/opt/fsl-imx-xwayland/6.1-mickledore/sysroots/armv8a-poky-linux/usr/lib/Scrt1.o;/opt/fsl-imx-xwayland/6.1-mickledore/sysroots/armv8a-poky-linux/usr/lib/crti.o;/opt/fsl-imx-xwayland/6.1-mickledore/sysroots/armv8a-poky-linux/usr/lib/aarch64-poky-linux/12.3.0/crtbeginS.o;/opt/fsl-imx-xwayland/6.1-mickledore/sysroots/armv8a-poky-linux/usr/lib/aarch64-poky-linux/12.3.0/crtendS.o;/opt/fsl-imx-xwayland/6.1-mickledore/sysroots/armv8a-poky-linux/usr/lib/crtn.o]
  implicit dirs: [/opt/fsl-imx-xwayland/6.1-mickledore/sysroots/x86_64-pokysdk-linux/usr/lib/aarch64-poky-linux/gcc/aarch64-poky-linux/12.3.0;/opt/fsl-imx-xwayland/6.1-mickledore/sysroots/armv8a-poky-linux/lib;/opt/fsl-imx-xwayland/6.1-mickledore/sysroots/armv8a-poky-linux/usr/lib/aarch64-poky-linux/12.3.0;/opt/fsl-imx-xwayland/6.1-mickledore/sysroots/armv8a-poky-linux/usr/lib]
  implicit fwks: []


Detecting CXX compiler ABI info compiled with the following output:
Change Dir: /home/forlinx/sqlite3/wavegen_v1/build_arm/CMakeFiles/CMakeScratch/TryCompile-Q9O9qC

Run Build Command(s):/usr/bin/gmake -f Makefile cmTC_c051b/fast && /usr/bin/gmake  -f CMakeFiles/cmTC_c051b.dir/build.make CMakeFiles/cmTC_c051b.dir/build
gmake[1]: Entering directory '/home/forlinx/sqlite3/wavegen_v1/build_arm/CMakeFiles/CMakeScratch/TryCompile-Q9O9qC'
Building CXX object CMakeFiles/cmTC_c051b.dir/CMakeCXXCompilerABI.cpp.o
/opt/fsl-imx-xwayland/6.1-mickledore/sysroots/x86_64-pokysdk-linux/usr/bin/aarch64-poky-linux/aarch64-poky-linux-g++   -march=armv8-a+crc+crypto -mbranch-protection=standard -fstack-protector-strong  -O2 -D_FORTIFY_SOURCE=2 -Wformat -Wformat-security -Werror=format-security --sysroot=/opt/fsl-imx-xwayland/6.1-mickledore/sysroots/armv8a-poky-linux --sysroot=/opt/fsl-imx-xwayland/6.1-mickledore/sysroots/armv8a-poky-linux   -O2 -pipe -g -feliminate-unused-debug-types     -v -o CMakeFiles/cmTC_c051b.dir/CMakeCXXCompilerABI.cpp.o -c /opt/fsl-imx-xwayland/6.1-mickledore/sysroots/x86_64-pokysdk-linux/usr/share/cmake-3.25/Modules/CMakeCXXCompilerABI.cpp
Using built-in specs.
COLLECT_GCC=/opt/fsl-imx-xwayland/6.1-mickledore/sysroots/x86_64-pokysdk-linux/usr/bin/aarch64-poky-linux/aarch64-poky-linux-g++
Target: aarch64-poky-linux
Configured with: ../../../../../../work-shared/gcc-12.3.0-r0/gcc-12.3.0/configure --build=x86_64-linux --host=x86_64-pokysdk-linux --target=aarch64-poky-linux --prefix=/usr/local/oe-sdk-hardcoded-buildpath/sysroots/x86_64-pokysdk-linux/usr --exec_prefix=/usr/local/oe-sdk-hardcoded-buildpath/sysroots/x86_64-pokysdk-linux/usr --bindir=/usr/local/oe-sdk-hardcoded-buildpath/sysroots/x86_64-pokysdk-linux/usr/bin/aarch64-poky-linux --sbindir=/usr/local/oe-sdk-hardcoded-buildpath/sysroots/x86_64-pokysdk-linux/usr/bin/aarch64-poky-linux --libexecdir=/usr/local/oe-sdk-hardcoded-buildpath/sysroots/x86_64-pokysdk-linux/usr/libexec/aarch64-poky-linux --datadir=/usr/local/oe-sdk-hardcoded-buildpath/sysroots/x86_64-pokysdk-linux/usr/share --sysconfdir=/usr/local/oe-sdk-hardcoded-buildpath/sysroots/x86_64-pokysdk-linux/etc --sharedstatedir=/usr/local/oe-sdk-hardcoded-buildpath/sysroots/x86_64-pokysdk-linux/com --localstatedir=/usr/local/oe-sdk-hardcoded-buildpath/sysroots/x86_64-pokysdk-linux/var --libdir=/usr/local/oe-sdk-hardcoded-buildpath/sysroots/x86_64-pokysdk-linux/usr/lib/aarch64-poky-linux --includedir=/usr/local/oe-sdk-hardcoded-buildpath/sysroots/x86_64-pokysdk-linux/usr/include --oldincludedir=/usr/local/oe-sdk-hardcoded-buildpath/sysroots/x86_64-pokysdk-linux/usr/include --infodir=/usr/local/oe-sdk-hardcoded-buildpath/sysroots/x86_64-pokysdk-linux/usr/share/info --mandir=/usr/local/oe-sdk-hardcoded-buildpath/sysroots/x86_64-pokysdk-linux/usr/share/man --disable-silent-rules --disable-dependency-tracking --with-libtool-sysroot=/home/zhangpan/imx-yocto-bsp-6.1.36-2.1.0/build/tmp/work/x86_64-nativesdk-pokysdk-linux/gcc-cross-canadian-aarch64/12.3.0-r0/recipe-sysroot --with-gnu-ld --enable-shared --enable-languages=c,c++ --enable-threads=posix --enable-multilib --enable-default-pie --enable-c99 --enable-long-long --enable-symvers=gnu --enable-libstdcxx-pch --program-prefix=aarch64-poky-linux- --without-local-prefix --disable-install-libiberty --disable-libssp --enable-libitm --enable-lto --disable-bootstrap --with-system-zlib --with-linker-hash-style=gnu --enable-linker-build-id --with-ppl=no --with-cloog=no --enable-checking=release --enable-cheaders=c_global --without-isl --with-gxx-include-dir=/not/exist/usr/include/c++/12.3.0 --with-build-time-tools=/home/zhangpan/imx-yocto-bsp-6.1.36-2.1.0/build/tmp/work/x86_64-nativesdk-pokysdk-linux/gcc-cross-canadian-aarch64/12.3.0-r0/recipe-sysroot-native/usr/aarch64-poky-linux/bin --with-sysroot=/not/exist --with-build-sysroot=/home/zhangpan/imx-yocto-bsp-6.1.36-2.1.0/build/tmp/work/x86_64-nativesdk-pokysdk-linux/gcc-cross-canadian-aarch64/12.3.0-r0/recipe-sysroot --with-plugin-ld=ld --enable-poison-system-directories --disable-static --enable-nls --with-glibc-version=2.28 --enable-initfini-array --enable-__cxa_atexit
Thread model: posix
Supported LTO compression algorithms: zlib zstd
gcc version 12.3.0 (GCC) 
COLLECT_GCC_OPTIONS='-march=armv8-a+crc+crypto' '-mbranch-protection=standard' '-fstack-protector-strong' '-O2' '-D' '_FORTIFY_SOURCE=2' '-Wformat=1' '-Wformat-security' '-Werror=format-security' '--sysroot=/opt/fsl-imx-xwayland/6.1-mickledore/sysroots/armv8a-poky-linux' '--sysroot=/opt/fsl-imx-xwayland/6.1-mickledore/sysroots/armv8a-poky-linux' '-O2' '-pipe' '-g' '-feliminate-unused-debug-types' '-v' '-o' 'CMakeFiles/cmTC_c051b.dir/CMakeCXXCompilerABI.cpp.o' '-c' '-shared-libgcc' '-mlittle-endian' '-mabi=lp64' '-dumpdir' 'CMakeFiles/cmTC_c051b.dir/'
 /opt/fsl-imx-xwayland/6.1-mickledore/sysroots/x86_64-pokysdk-linux/usr/libexec/aarch64-poky-linux/gcc/aarch64-poky-linux/12.3.0/cc1plus -quiet -v -isysroot /opt/fsl-imx-xwayland/6.1-mickledore/sysroots/armv8a-poky-linux -D_GNU_SOURCE -D _FORTIFY_SOURCE=2 /opt/fsl-imx-xwayland/6.1-mickledore/sysroots/x86_64-pokysdk-linux/usr/share/cmake-3.25/Modules/CMakeCXXCompilerABI.cpp -quiet -dumpdir CMakeFiles/cmTC_c051b.dir/ -dumpbase CMakeCXXCompilerABI.cpp.cpp -dumpbase-ext .cpp -march=armv8-a+crc+crypto -mbranch-protection=standard -mlittle-endian -mabi=lp64 -g -O2 -O2 -Wformat=1 -Wformat-security -Werror=format-security -version -fstack-protector-strong -feliminate-unused-debug-types -o - |
 /opt/fsl-imx-xwayland/6.1-mickledore/sysroots/x86_64-pokysdk-linux/usr/libexec/aarch64-poky-linux/gcc/aarch64-poky-linux/12.3.0/as -v --gdwarf-5 -EL -march=armv8-a+crc+crypto -mabi=lp64 -o CMakeFiles/cmTC_c051b.dir/CMakeCXXCompilerABI.cpp.o
GNU C++17 (GCC) version 12.3.0 (aarch64-poky-linux)
	compiled by GNU C version 12.3.0, GMP version 6.2.1, MPFR version 4.2.0, MPC version 1.3.1, isl version none
GGC heuristics: --param ggc-min-expand=100 --param ggc-min-heapsize=131072
ignoring nonexistent directory "/opt/fsl-imx-xwayland/6.1-mickledore/sysroots/armv8a-poky-linux/usr/lib/aarch64-poky-linux/12.3.0/include"
ignoring nonexistent directory "/opt/fsl-imx-xwayland/6.1-mickledore/sysroots/armv8a-poky-linux/usr/local/include"
ignoring nonexistent directory "/opt/fsl-imx-xwayland/6.1-mickledore/sysroots/x86_64-pokysdk-linux/usr/lib/aarch64-poky-linux/gcc/aarch64-poky-linux/12.3.0/../../../../../aarch64-poky-linux/include"
#include "..." search starts here:
#include <...> search starts here:
 /opt/fsl-imx-xwayland/6.1-mickledore/sysroots/armv8a-poky-linux/usr/include/c++/12.3.0
 /opt/fsl-imx-xwayland/6.1-mickledore/sysroots/armv8a-poky-linux/usr/include/c++/12.3.0/aarch64-poky-linux
 /opt/fsl-imx-xwayland/6.1-mickledore/sysroots/armv8a-poky-linux/usr/include/c++/12.3.0/backward
 /opt/fsl-imx-xwayland/6.1-mickledore/sysroots/x86_64-pokysdk-linux/usr/lib/aarch64-poky-linux/gcc/aarch64-poky-linux/12.3.0/include
 /opt/fsl-imx-xwayland/6.1-mickledore/sysroots/x86_64-pokysdk-linux/usr/lib/aarch64-poky-linux/gcc/aarch64-poky-linux/12.3.0/include-fixed
 /opt/fsl-imx-xwayland/6.1-mickledore/sysroots/armv8a-poky-linux/usr/include/
End of search list.
GNU C++17 (GCC) version 12.3.0 (aarch64-poky-linux)
	compiled by GNU C version 12.3.0, GMP version 6.2.1, MPFR version 4.2.0, MPC version 1.3.1, isl version none
GGC heuristics: --param ggc-min-expand=100 --param ggc-min-heapsize=131072
GNU assembler version 2.40.0 (aarch64-poky-linux) using BFD version (GNU Binutils) 2.40.0.20230620
Compiler executable checksum: 2ad338204c18159bc55c928ae63982fb
COMPILER_PATH=/opt/fsl-imx-xwayland/6.1-mickledore/sysroots/x86_64-pokysdk-linux/usr/libexec/aarch64-poky-linux/gcc/aarch64-poky-linux/12.3.0/:/opt/fsl-imx-xwayland/6.1-mickledore/sysroots/x86_64-pokysdk-linux/usr/libexec/aarch64-poky-linux/gcc/aarch64-poky-linux/12.3.0/:/opt/fsl-imx-xwayland/6.1-mickledore/sysroots/x86_64-pokysdk-linux/usr/libexec/aarch64-poky-linux/gcc/aarch64-poky-linux/:/opt/fsl-imx-xwayland/6.1-mickledore/sysroots/x86_64-pokysdk-linux/usr/lib/aarch64-poky-linux/gcc/aarch64-poky-linux/12.3.0/:/opt/fsl-imx-xwayland/6.1-mickledore/sysroots/x86_64-pokysdk-linux/usr/lib/aarch64-poky-linux/gcc/aarch64-poky-linux/
LIBRARY_PATH=/opt/fsl-imx-xwayland/6.1-mickledore/sysroots/x86_64-pokysdk-linux/usr/lib/aarch64-poky-linux/gcc/aarch64-poky-linux/12.3.0/:/opt/fsl-imx-xwayland/6.1-mickledore/sysroots/armv8a-poky-linux/lib/:/opt/fsl-imx-xwayland/6.1-mickledore/sysroots/armv8a-poky-linux/usr/lib/aarch64-poky-linux/12.3.0/:/opt/fsl-imx-xwayland/6.1-mickledore/sysroots/armv8a-poky-linux/usr/lib/
COLLECT_GCC_OPTIONS='-march=armv8-a+crc+crypto' '-mbranch-protection=standard' '-fstack-protector-strong' '-O2' '-D' '_FORTIFY_SOURCE=2' '-Wformat=1' '-Wformat-security' '-Werror=format-security' '--sysroot=/opt/fsl-imx-xwayland/6.1-mickledore/sysroots/armv8a-poky-linux' '--sysroot=/opt/fsl-imx-xwayland/6.1-mickledore/sysroots/armv8a-poky-linux' '-O2' '-pipe' '-g' '-feliminate-unused-debug-types' '-v' '-o' 'CMakeFiles/cmTC_c051b.dir/CMakeCXXCompilerABI.cpp.o' '-c' '-shared-libgcc' '-mlittle-endian' '-mabi=lp64' '-dumpdir' 'CMakeFiles/cmTC_c051b.dir/CMakeCXXCompilerABI.cpp.'
Linking CXX executable cmTC_c051b
/opt/fsl-imx-xwayland/6.1-mickledore/sysroots/x86_64-pokysdk-linux/usr/bin/cmake -E cmake_link_script CMakeFiles/cmTC_c051b.dir/link.txt --verbose=1
/opt/fsl-imx-xwayland/6.1-mickledore/sysroots/x86_64-pokysdk-linux/usr/bin/aarch64-poky-linux/aarch64-poky-linux-g++   -march=armv8-a+crc+crypto -mbranch-protection=standard -fstack-protector-strong  -O2 -D_FORTIFY_SOURCE=2 -Wformat -Wformat-security -Werror=format-security --sysroot=/opt/fsl-imx-xwayland/6.1-mickledore/sysroots/armv8a-poky-linux --sysroot=/opt/fsl-imx-xwayland/6.1-mickledore/sysroots/armv8a-poky-linux  -O2 -pipe -g -feliminate-unused-debug-types   -Wl,-O1 -Wl,--hash-style=gnu -Wl,--as-needed  -Wl,-z,relro,-z,now -v CMakeFiles/cmTC_c051b.dir/CMakeCXXCompilerABI.cpp.o -o cmTC_c051b 
Using built-in specs.
COLLECT_GCC=/opt/fsl-imx-xwayland/6.1-mickledore/sysroots/x86_64-pokysdk-linux/usr/bin/aarch64-poky-linux/aarch64-poky-linux-g++
COLLECT_LTO_WRAPPER=/opt/fsl-imx-xwayland/6.1-mickledore/sysroots/x86_64-pokysdk-linux/usr/libexec/aarch64-poky-linux/gcc/aarch64-poky-linux/12.3.0/lto-wrapper
Target: aarch64-poky-linux
Configured with: ../../../../../../work-shared/gcc-12.3.0-r0/gcc-12.3.0/configure --build=x86_64-linux --host=x86_64-pokysdk-linux --target=aarch64-poky-linux --prefix=/usr/local/oe-sdk-hardcoded-buildpath/sysroots/x86_64-pokysdk-linux/usr --exec_prefix=/usr/local/oe-sdk-hardcoded-buildpath/sysroots/x86_64-pokysdk-linux/usr --bindir=/usr/local/oe-sdk-hardcoded-buildpath/sysroots/x86_64-pokysdk-linux/usr/bin/aarch64-poky-linux --sbindir=/usr/local/oe-sdk-hardcoded-buildpath/sysroots/x86_64-pokysdk-linux/usr/bin/aarch64-poky-linux --libexecdir=/usr/local/oe-sdk-hardcoded-buildpath/sysroots/x86_64-pokysdk-linux/usr/libexec/aarch64-poky-linux --datadir=/usr/local/oe-sdk-hardcoded-buildpath/sysroots/x86_64-pokysdk-linux/usr/share --sysconfdir=/usr/local/oe-sdk-hardcoded-buildpath/sysroots/x86_64-pokysdk-linux/etc --sharedstatedir=/usr/local/oe-sdk-hardcoded-buildpath/sysroots/x86_64-pokysdk-linux/com --localstatedir=/usr/local/oe-sdk-hardcoded-buildpath/sysroots/x86_64-pokysdk-linux/var --libdir=/usr/local/oe-sdk-hardcoded-buildpath/sysroots/x86_64-pokysdk-linux/usr/lib/aarch64-poky-linux --includedir=/usr/local/oe-sdk-hardcoded-buildpath/sysroots/x86_64-pokysdk-linux/usr/include --oldincludedir=/usr/local/oe-sdk-hardcoded-buildpath/sysroots/x86_64-pokysdk-linux/usr/include --infodir=/usr/local/oe-sdk-hardcoded-buildpath/sysroots/x86_64-pokysdk-linux/usr/share/info --mandir=/usr/local/oe-sdk-hardcoded-buildpath/sysroots/x86_64-pokysdk-linux/usr/share/man --disable-silent-rules --disable-dependency-tracking --with-libtool-sysroot=/home/zhangpan/imx-yocto-bsp-6.1.36-2.1.0/build/tmp/work/x86_64-nativesdk-pokysdk-linux/gcc-cross-canadian-aarch64/12.3.0-r0/recipe-sysroot --with-gnu-ld --enable-shared --enable-languages=c,c++ --enable-threads=posix --enable-multilib --enable-default-pie --enable-c99 --enable-long-long --enable-symvers=gnu --enable-libstdcxx-pch --program-prefix=aarch64-poky-linux- --without-local-prefix --disable-install-libiberty --disable-libssp --enable-libitm --enable-lto --disable-bootstrap --with-system-zlib --with-linker-hash-style=gnu --enable-linker-build-id --with-ppl=no --with-cloog=no --enable-checking=release --enable-cheaders=c_global --without-isl --with-gxx-include-dir=/not/exist/usr/include/c++/12.3.0 --with-build-time-tools=/home/zhangpan/imx-yocto-bsp-6.1.36-2.1.0/build/tmp/work/x86_64-nativesdk-pokysdk-linux/gcc-cross-canadian-aarch64/12.3.0-r0/recipe-sysroot-native/usr/aarch64-poky-linux/bin --with-sysroot=/not/exist --with-build-sysroot=/home/zhangpan/imx-yocto-bsp-6.1.36-2.1.0/build/tmp/work/x86_64-nativesdk-pokysdk-linux/gcc-cross-canadian-aarch64/12.3.0-r0/recipe-sysroot --with-plugin-ld=ld --enable-poison-system-directories --disable-static --enable-nls --with-glibc-version=2.28 --enable-initfini-array --enable-__cxa_atexit
Thread model: posix
Supported LTO compression algorithms: zlib zstd
gcc version 12.3.0 (GCC) 
COMPILER_PATH=/opt/fsl-imx-xwayland/6.1-mickledore/sysroots/x86_64-pokysdk-linux/usr/libexec/aarch64-poky-linux/gcc/aarch64-poky-linux/12.3.0/:/opt/fsl-imx-xwayland/6.1-mickledore/sysroots/x86_64-pokysdk-linux/usr/libexec/aarch64-poky-linux/gcc/aarch64-poky-linux/12.3.0/:/opt/fsl-imx-xwayland/6.1-mickledore/sysroots/x86_64-pokysdk-linux/usr/libexec/aarch64-poky-linux/gcc/aarch64-poky-linux/:/opt/fsl-imx-xwayland/6.1-mickledore/sysroots/x86_64-pokysdk-linux/usr/lib/aarch64-poky-linux/gcc/aarch64-poky-linux/12.3.0/:/opt/fsl-imx-xwayland/6.1-mickledore/sysroots/x86_64-pokysdk-linux/usr/lib/aarch64-poky-linux/gcc/aarch64-poky-linux/
LIBRARY_PATH=/opt/fsl-imx-xwayland/6.1-mickledore/sysroots/x86_64-pokysdk-linux/usr/lib/aarch64-poky-linux/gcc/aarch64-poky-linux/12.3.0/:/opt/fsl-imx-xwayland/6.1-mickledore/sysroots/armv8a-poky-linux/lib/:/opt/fsl-imx-xwayland/6.1-mickledore/sysroots/armv8a-poky-linux/usr/lib/aarch64-poky-linux/12.3.0/:/opt/fsl-imx-xwayland/6.1-mickledore/sysroots/armv8a-poky-linux/usr/lib/
COLLECT_GCC_OPTIONS='-march=armv8-a+crc+crypto' '-mbranch-protection=standard' '-fstack-protector-strong' '-O2' '-D' '_FORTIFY_SOURCE=2' '-Wformat=1' '-Wformat-security' '-Werror=format-security' '--sysroot=/opt/fsl-imx-xwayland/6.1-mickledore/sysroots/armv8a-poky-linux' '--sysroot=/opt/fsl-imx-xwayland/6.1-mickledore/sysroots/armv8a-poky-linux' '-O2' '-pipe' '-g' '-feliminate-unused-debug-types' '-v' '-o' 'cmTC_c051b' '-shared-libgcc' '-mlittle-endian' '-mabi=lp64' '-dumpdir' 'cmTC_c051b.'
 /opt/fsl-imx-xwayland/6.1-mickledore/sysroots/x86_64-pokysdk-linux/usr/libexec/aarch64-poky-linux/gcc/aarch64-poky-linux/12.3.0/collect2 -plugin /opt/fsl-imx-xwayland/6.1-mickledore/sysroots/x86_64-pokysdk-linux/usr/libexec/aarch64-poky-linux/gcc/aarch64-poky-linux/12.3.0/liblto_plugin.so -plugin-opt=/opt/fsl-imx-xwayland/6.1-mickledore/sysroots/x86_64-pokysdk-linux/usr/libexec/aarch64-poky-linux/gcc/aarch64-poky-linux/12.3.0/lto-wrapper -plugin-opt=-fresolution=/tmp/ccpzKjj5.res -plugin-opt=-pass-through=-lgcc_s -plugin-opt=-pass-through=-lgcc -plugin-opt=-pass-through=-lc -plugin-opt=-pass-through=-lgcc_s -plugin-opt=-pass-through=-lgcc --sysroot=/opt/fsl-imx-xwayland/6.1-mickledore/sysroots/armv8a-poky-linux --build-id --eh-frame-hdr --hash-style=gnu -dynamic-linker /lib/ld-linux-aarch64.so.1 -X -EL -maarch64linux -pie -o cmTC_c051b /opt/fsl-imx-xwayland/6.1-mickledore/sysroots/armv8a-poky-linux/usr/lib/Scrt1.o /opt/fsl-imx-xwayland/6.1-mickledore/sysroots/armv8a-poky-linux/usr/lib/crti.o /opt/fsl-imx-xwayland/6.1-mickledore/sysroots/armv8a-poky-linux/usr/lib/aarch64-poky-linux/12.3.0/crtbeginS.o -L/opt/fsl-imx-xwayland/6.1-mickledore/sysroots/x86_64-pokysdk-linux/usr/lib/aarch64-poky-linux/gcc/aarch64-poky-linux/12.3.0 -L/opt/fsl-imx-xwayland/6.1-mickledore/sysroots/armv8a-poky-linux/lib -L/opt/fsl-imx-xwayland/6.1-mickledore/sysroots/armv8a-poky-linux/usr/lib/aarch64-poky-linux/12.3.0 -L/opt/fsl-imx-xwayland/6.1-mickledore/sysroots/armv8a-poky-linux/usr/lib -O1 --hash-style=gnu --as-needed -z relro -z now CMakeFiles/cmTC_c051b.dir/CMakeCXXCompilerABI.cpp.o -lstdc++ -lm -lgcc_s -lgcc -lc -lgcc_s -lgcc /opt/fsl-imx-xwayland/6.1-mickledore/sysroots/armv8a-poky-linux/usr/lib/aarch64-poky-linux/12.3.0/crtendS.o /opt/fsl-imx-xwayland/6.1-mickledore/sysroots/armv8a-poky-linux/usr/lib/crtn.o
COLLECT_GCC_OPTIONS='-march=armv8-a+crc+crypto' '-mbranch-protection=standard' '-fstack-protector-strong' '-O2' '-D' '_FORTIFY_SOURCE=2' '-Wformat=1' '-Wformat-security' '-Werror=format-security' '--sysroot=/opt/fsl-imx-xwayland/6.1-mickledore/sysroots/armv8a-poky-linux' '--sysroot=/opt/fsl-imx-xwayland/6.1-mickledore/sysroots/armv8a-poky-linux' '-O2' '-pipe' '-g' '-feliminate-unused-debug-types' '-v' '-o' 'cmTC_c051b' '-shared-libgcc' '-mlittle-endian' '-mabi=lp64' '-dumpdir' 'cmTC_c051b.'
gmake[1]: Leaving directory '/home/forlinx/sqlite3/wavegen_v1/build_arm/CMakeFiles/CMakeScratch/TryCompile-Q9O9qC'



Parsed CXX implicit include dir info from above output: rv=done
  found start of include info
  found start of implicit include info
    add: [/opt/fsl-imx-xwayland/6.1-mickledore/sysroots/armv8a-poky-linux/usr/include/c++/12.3.0]
    add: [/opt/fsl-imx-xwayland/6.1-mickledore/sysroots/armv8a-poky-linux/usr/include/c++/12.3.0/aarch64-poky-linux]
    add: [/opt/fsl-imx-xwayland/6.1-mickledore/sysroots/armv8a-poky-linux/usr/include/c++/12.3.0/backward]
    add: [/opt/fsl-imx-xwayland/6.1-mickledore/sysroots/x86_64-pokysdk-linux/usr/lib/aarch64-poky-linux/gcc/aarch64-poky-linux/12.3.0/include]
    add: [/opt/fsl-imx-xwayland/6.1-mickledore/sysroots/x86_64-pokysdk-linux/usr/lib/aarch64-poky-linux/gcc/aarch64-poky-linux/12.3.0/include-fixed]
    add: [/opt/fsl-imx-xwayland/6.1-mickledore/sysroots/armv8a-poky-linux/usr/include/]
  end of search list found
  collapse include dir [/opt/fsl-imx-xwayland/6.1-mickledore/sysroots/armv8a-poky-linux/usr/include/c++/12.3.0] ==> [/opt/fsl-imx-xwayland/6.1-mickledore/sysroots/armv8a-poky-linux/usr/include/c++/12.3.0]
  collapse include dir [/opt/fsl-imx-xwayland/6.1-mickledore/sysroots/armv8a-poky-linux/usr/include/c++/12.3.0/aarch64-poky-linux] ==> [/opt/fsl-imx-xwayland/6.1-mickledore/sysroots/armv8a-poky-linux/usr/include/c++/12.3.0/aarch64-poky-linux]
  collapse include dir [/opt/fsl-imx-xwayland/6.1-mickledore/sysroots/armv8a-poky-linux/usr/include/c++/12.3.0/backward] ==> [/opt/fsl-imx-xwayland/6.1-mickledore/sysroots/armv8a-poky-linux/usr/include/c++/12.3.0/backward]
  collapse include dir [/opt/fsl-imx-xwayland/6.1-mickledore/sysroots/x86_64-pokysdk-linux/usr/lib/aarch64-poky-linux/gcc/aarch64-poky-linux/12.3.0/include] ==> [/opt/fsl-imx-xwayland/6.1-mickledore/sysroots/x86_64-pokysdk-linux/usr/lib/aarch64-poky-linux/gcc/aarch64-poky-linux/12.3.0/include]
  collapse include dir [/opt/fsl-imx-xwayland/6.1-mickledore/sysroots/x86_64-pokysdk-linux/usr/lib/aarch64-poky-linux/gcc/aarch64-poky-linux/12.3.0/include-fixed] ==> [/opt/fsl-imx-xwayland/6.1-mickledore/sysroots/x86_64-pokysdk-linux/usr/lib/aarch64-poky-linux/gcc/aarch64-poky-linux/12.3.0/include-fixed]
  collapse include dir [/opt/fsl-imx-xwayland/6.1-mickledore/sysroots/armv8a-poky-linux/usr/include/] ==> [/opt/fsl-imx-xwayland/6.1-mickledore/sysroots/armv8a-poky-linux/usr/include]
  implicit include dirs: [/opt/fsl-imx-xwayland/6.1-mickledore/sysroots/armv8a-poky-linux/usr/include/c++/12.3.0;/opt/fsl-imx-xwayland/6.1-mickledore/sysroots/armv8a-poky-linux/usr/include/c++/12.3.0/aarch64-poky-linux;/opt/fsl-imx-xwayland/6.1-mickledore/sysroots/armv8a-poky-linux/usr/include/c++/12.3.0/backward;/opt/fsl-imx-xwayland/6.1-mickledore/sysroots/x86_64-pokysdk-linux/usr/lib/aarch64-poky-linux/gcc/aarch64-poky-linux/12.3.0/include;/opt/fsl-imx-xwayland/6.1-mickledore/sysroots/x86_64-pokysdk-linux/usr/lib/aarch64-poky-linux/gcc/aarch64-poky-linux/12.3.0/include-fixed;/opt/fsl-imx-xwayland/6.1-mickledore/sysroots/armv8a-poky-linux/usr/include]


Parsed CXX implicit link information from above output:
  link line regex: [^( *|.*[/\])(aarch64-poky-linux-ld|CMAKE_LINK_STARTFILE-NOTFOUND|([^/\]+-)?ld|collect2)[^/\]*( |$)]
  ignore line: [Change Dir: /home/forlinx/sqlite3/wavegen_v1/build_arm/CMakeFiles/CMakeScratch/TryCompile-Q9O9qC]
  ignore line: []
  ignore line: [Run Build Command(s):/usr/bin/gmake -f Makefile cmTC_c051b/fast && /usr/bin/gmake  -f CMakeFiles/cmTC_c051b.dir/build.make CMakeFiles/cmTC_c051b.dir/build]
  ignore line: [gmake[1]: Entering directory '/home/forlinx/sqlite3/wavegen_v1/build_arm/CMakeFiles/CMakeScratch/TryCompile-Q9O9qC']
  ignore line: [Building CXX object CMakeFiles/cmTC_c051b.dir/CMakeCXXCompilerABI.cpp.o]
  ignore line: [/opt/fsl-imx-xwayland/6.1-mickledore/sysroots/x86_64-pokysdk-linux/usr/bin/aarch64-poky-linux/aarch64-poky-linux-g++   -march=armv8-a+crc+crypto -mbranch-protection=standard -fstack-protector-strong  -O2 -D_FORTIFY_SOURCE=2 -Wformat -Wformat-security -Werror=format-security --sysroot=/opt/fsl-imx-xwayland/6.1-mickledore/sysroots/armv8a-poky-linux --sysroot=/opt/fsl-imx-xwayland/6.1-mickledore/sysroots/armv8a-poky-linux   -O2 -pipe -g -feliminate-unused-debug-types     -v -o CMakeFiles/cmTC_c051b.dir/CMakeCXXCompilerABI.cpp.o -c /opt/fsl-imx-xwayland/6.1-mickledore/sysroots/x86_64-pokysdk-linux/usr/share/cmake-3.25/Modules/CMakeCXXCompilerABI.cpp]
  ignore line: [Using built-in specs.]
  ignore line: [COLLECT_GCC=/opt/fsl-imx-xwayland/6.1-mickledore/sysroots/x86_64-pokysdk-linux/usr/bin/aarch64-poky-linux/aarch64-poky-linux-g++]
  ignore line: [Target: aarch64-poky-linux]
  ignore line: [Configured with: ../../../../../../work-shared/gcc-12.3.0-r0/gcc-12.3.0/configure --build=x86_64-linux --host=x86_64-pokysdk-linux --target=aarch64-poky-linux --prefix=/usr/local/oe-sdk-hardcoded-buildpath/sysroots/x86_64-pokysdk-linux/usr --exec_prefix=/usr/local/oe-sdk-hardcoded-buildpath/sysroots/x86_64-pokysdk-linux/usr --bindir=/usr/local/oe-sdk-hardcoded-buildpath/sysroots/x86_64-pokysdk-linux/usr/bin/aarch64-poky-linux --sbindir=/usr/local/oe-sdk-hardcoded-buildpath/sysroots/x86_64-pokysdk-linux/usr/bin/aarch64-poky-linux --libexecdir=/usr/local/oe-sdk-hardcoded-buildpath/sysroots/x86_64-pokysdk-linux/usr/libexec/aarch64-poky-linux --datadir=/usr/local/oe-sdk-hardcoded-buildpath/sysroots/x86_64-pokysdk-linux/usr/share --sysconfdir=/usr/local/oe-sdk-hardcoded-buildpath/sysroots/x86_64-pokysdk-linux/etc --sharedstatedir=/usr/local/oe-sdk-hardcoded-buildpath/sysroots/x86_64-pokysdk-linux/com --localstatedir=/usr/local/oe-sdk-hardcoded-buildpath/sysroots/x86_64-pokysdk-linux/var --libdir=/usr/local/oe-sdk-hardcoded-buildpath/sysroots/x86_64-pokysdk-linux/usr/lib/aarch64-poky-linux --includedir=/usr/local/oe-sdk-hardcoded-buildpath/sysroots/x86_64-pokysdk-linux/usr/include --oldincludedir=/usr/local/oe-sdk-hardcoded-buildpath/sysroots/x86_64-pokysdk-linux/usr/include --infodir=/usr/local/oe-sdk-hardcoded-buildpath/sysroots/x86_64-pokysdk-linux/usr/share/info --mandir=/usr/local/oe-sdk-hardcoded-buildpath/sysroots/x86_64-pokysdk-linux/usr/share/man --disable-silent-rules --disable-dependency-tracking --with-libtool-sysroot=/home/zhangpan/imx-yocto-bsp-6.1.36-2.1.0/build/tmp/work/x86_64-nativesdk-pokysdk-linux/gcc-cross-canadian-aarch64/12.3.0-r0/recipe-sysroot --with-gnu-ld --enable-shared --enable-languages=c,c++ --enable-threads=posix --enable-multilib --enable-default-pie --enable-c99 --enable-long-long --enable-symvers=gnu --enable-libstdcxx-pch --program-prefix=aarch64-poky-linux- --without-local-prefix --disable-install-libiberty --disable-libssp --enable-libitm --enable-lto --disable-bootstrap --with-system-zlib --with-linker-hash-style=gnu --enable-linker-build-id --with-ppl=no --with-cloog=no --enable-checking=release --enable-cheaders=c_global --without-isl --with-gxx-include-dir=/not/exist/usr/include/c++/12.3.0 --with-build-time-tools=/home/zhangpan/imx-yocto-bsp-6.1.36-2.1.0/build/tmp/work/x86_64-nativesdk-pokysdk-linux/gcc-cross-canadian-aarch64/12.3.0-r0/recipe-sysroot-native/usr/aarch64-poky-linux/bin --with-sysroot=/not/exist --with-build-sysroot=/home/zhangpan/imx-yocto-bsp-6.1.36-2.1.0/build/tmp/work/x86_64-nativesdk-pokysdk-linux/gcc-cross-canadian-aarch64/12.3.0-r0/recipe-sysroot --with-plugin-ld=ld --enable-poison-system-directories --disable-static --enable-nls --with-glibc-version=2.28 --enable-initfini-array --enable-__cxa_atexit]
  ignore line: [Thread model: posix]
  ignore line: [Supported LTO compression algorithms: zlib zstd]
  ignore line: [gcc version 12.3.0 (GCC) ]
  ignore line: [COLLECT_GCC_OPTIONS='-march=armv8-a+crc+crypto' '-mbranch-protection=standard' '-fstack-protector-strong' '-O2' '-D' '_FORTIFY_SOURCE=2' '-Wformat=1' '-Wformat-security' '-Werror=format-security' '--sysroot=/opt/fsl-imx-xwayland/6.1-mickledore/sysroots/armv8a-poky-linux' '--sysroot=/opt/fsl-imx-xwayland/6.1-mickledore/sysroots/armv8a-poky-linux' '-O2' '-pipe' '-g' '-feliminate-unused-debug-types' '-v' '-o' 'CMakeFiles/cmTC_c051b.dir/CMakeCXXCompilerABI.cpp.o' '-c' '-shared-libgcc' '-mlittle-endian' '-mabi=lp64' '-dumpdir' 'CMakeFiles/cmTC_c051b.dir/']
  ignore line: [ /opt/fsl-imx-xwayland/6.1-mickledore/sysroots/x86_64-pokysdk-linux/usr/libexec/aarch64-poky-linux/gcc/aarch64-poky-linux/12.3.0/cc1plus -quiet -v -isysroot /opt/fsl-imx-xwayland/6.1-mickledore/sysroots/armv8a-poky-linux -D_GNU_SOURCE -D _FORTIFY_SOURCE=2 /opt/fsl-imx-xwayland/6.1-mickledore/sysroots/x86_64-pokysdk-linux/usr/share/cmake-3.25/Modules/CMakeCXXCompilerABI.cpp -quiet -dumpdir CMakeFiles/cmTC_c051b.dir/ -dumpbase CMakeCXXCompilerABI.cpp.cpp -dumpbase-ext .cpp -march=armv8-a+crc+crypto -mbranch-protection=standard -mlittle-endian -mabi=lp64 -g -O2 -O2 -Wformat=1 -Wformat-security -Werror=format-security -version -fstack-protector-strong -feliminate-unused-debug-types -o - |]
  ignore line: [ /opt/fsl-imx-xwayland/6.1-mickledore/sysroots/x86_64-pokysdk-linux/usr/libexec/aarch64-poky-linux/gcc/aarch64-poky-linux/12.3.0/as -v --gdwarf-5 -EL -march=armv8-a+crc+crypto -mabi=lp64 -o CMakeFiles/cmTC_c051b.dir/CMakeCXXCompilerABI.cpp.o]
  ignore line: [GNU C++17 (GCC) version 12.3.0 (aarch64-poky-linux)]
  ignore line: [	compiled by GNU C version 12.3.0  GMP version 6.2.1  MPFR version 4.2.0  MPC version 1.3.1  isl version none]
  ignore line: [GGC heuristics: --param ggc-min-expand=100 --param ggc-min-heapsize=131072]
  ignore line: [ignoring nonexistent directory "/opt/fsl-imx-xwayland/6.1-mickledore/sysroots/armv8a-poky-linux/usr/lib/aarch64-poky-linux/12.3.0/include"]
  ignore line: [ignoring nonexistent directory "/opt/fsl-imx-xwayland/6.1-mickledore/sysroots/armv8a-poky-linux/usr/local/include"]
  ignore line: [ignoring nonexistent directory "/opt/fsl-imx-xwayland/6.1-mickledore/sysroots/x86_64-pokysdk-linux/usr/lib/aarch64-poky-linux/gcc/aarch64-poky-linux/12.3.0/../../../../../aarch64-poky-linux/include"]
  ignore line: [#include "..." search starts here:]
  ignore line: [#include <...> search starts here:]
  ignore line: [ /opt/fsl-imx-xwayland/6.1-mickledore/sysroots/armv8a-poky-linux/usr/include/c++/12.3.0]
  ignore line: [ /opt/fsl-imx-xwayland/6.1-mickledore/sysroots/armv8a-poky-linux/usr/include/c++/12.3.0/aarch64-poky-linux]
  ignore line: [ /opt/fsl-imx-xwayland/6.1-mickledore/sysroots/armv8a-poky-linux/usr/include/c++/12.3.0/backward]
  ignore line: [ /opt/fsl-imx-xwayland/6.1-mickledore/sysroots/x86_64-pokysdk-linux/usr/lib/aarch64-poky-linux/gcc/aarch64-poky-linux/12.3.0/include]
  ignore line: [ /opt/fsl-imx-xwayland/6.1-mickledore/sysroots/x86_64-pokysdk-linux/usr/lib/aarch64-poky-linux/gcc/aarch64-poky-linux/12.3.0/include-fixed]
  ignore line: [ /opt/fsl-imx-xwayland/6.1-mickledore/sysroots/armv8a-poky-linux/usr/include/]
  ignore line: [End of search list.]
  ignore line: [GNU C++17 (GCC) version 12.3.0 (aarch64-poky-linux)]
  ignore line: [	compiled by GNU C version 12.3.0  GMP version 6.2.1  MPFR version 4.2.0  MPC version 1.3.1  isl version none]
  ignore line: [GGC heuristics: --param ggc-min-expand=100 --param ggc-min-heapsize=131072]
  ignore line: [GNU assembler version 2.40.0 (aarch64-poky-linux) using BFD version (GNU Binutils) 2.40.0.20230620]
  ignore line: [Compiler executable checksum: 2ad338204c18159bc55c928ae63982fb]
  ignore line: [COMPILER_PATH=/opt/fsl-imx-xwayland/6.1-mickledore/sysroots/x86_64-pokysdk-linux/usr/libexec/aarch64-poky-linux/gcc/aarch64-poky-linux/12.3.0/:/opt/fsl-imx-xwayland/6.1-mickledore/sysroots/x86_64-pokysdk-linux/usr/libexec/aarch64-poky-linux/gcc/aarch64-poky-linux/12.3.0/:/opt/fsl-imx-xwayland/6.1-mickledore/sysroots/x86_64-pokysdk-linux/usr/libexec/aarch64-poky-linux/gcc/aarch64-poky-linux/:/opt/fsl-imx-xwayland/6.1-mickledore/sysroots/x86_64-pokysdk-linux/usr/lib/aarch64-poky-linux/gcc/aarch64-poky-linux/12.3.0/:/opt/fsl-imx-xwayland/6.1-mickledore/sysroots/x86_64-pokysdk-linux/usr/lib/aarch64-poky-linux/gcc/aarch64-poky-linux/]
  ignore line: [LIBRARY_PATH=/opt/fsl-imx-xwayland/6.1-mickledore/sysroots/x86_64-pokysdk-linux/usr/lib/aarch64-poky-linux/gcc/aarch64-poky-linux/12.3.0/:/opt/fsl-imx-xwayland/6.1-mickledore/sysroots/armv8a-poky-linux/lib/:/opt/fsl-imx-xwayland/6.1-mickledore/sysroots/armv8a-poky-linux/usr/lib/aarch64-poky-linux/12.3.0/:/opt/fsl-imx-xwayland/6.1-mickledore/sysroots/armv8a-poky-linux/usr/lib/]
  ignore line: [COLLECT_GCC_OPTIONS='-march=armv8-a+crc+crypto' '-mbranch-protection=standard' '-fstack-protector-strong' '-O2' '-D' '_FORTIFY_SOURCE=2' '-Wformat=1' '-Wformat-security' '-Werror=format-security' '--sysroot=/opt/fsl-imx-xwayland/6.1-mickledore/sysroots/armv8a-poky-linux' '--sysroot=/opt/fsl-imx-xwayland/6.1-mickledore/sysroots/armv8a-poky-linux' '-O2' '-pipe' '-g' '-feliminate-unused-debug-types' '-v' '-o' 'CMakeFiles/cmTC_c051b.dir/CMakeCXXCompilerABI.cpp.o' '-c' '-shared-libgcc' '-mlittle-endian' '-mabi=lp64' '-dumpdir' 'CMakeFiles/cmTC_c051b.dir/CMakeCXXCompilerABI.cpp.']
  ignore line: [Linking CXX executable cmTC_c051b]
  ignore line: [/opt/fsl-imx-xwayland/6.1-mickledore/sysroots/x86_64-pokysdk-linux/usr/bin/cmake -E cmake_link_script CMakeFiles/cmTC_c051b.dir/link.txt --verbose=1]
  ignore line: [/opt/fsl-imx-xwayland/6.1-mickledore/sysroots/x86_64-pokysdk-linux/usr/bin/aarch64-poky-linux/aarch64-poky-linux-g++   -march=armv8-a+crc+crypto -mbranch-protection=standard -fstack-protector-strong  -O2 -D_FORTIFY_SOURCE=2 -Wformat -Wformat-security -Werror=format-security --sysroot=/opt/fsl-imx-xwayland/6.1-mickledore/sysroots/armv8a-poky-linux --sysroot=/opt/fsl-imx-xwayland/6.1-mickledore/sysroots/armv8a-poky-linux  -O2 -pipe -g -feliminate-unused-debug-types   -Wl -O1 -Wl --hash-style=gnu -Wl --as-needed  -Wl -z relro -z now -v CMakeFiles/cmTC_c051b.dir/CMakeCXXCompilerABI.cpp.o -o cmTC_c051b ]
  ignore line: [Using built-in specs.]
  ignore line: [COLLECT_GCC=/opt/fsl-imx-xwayland/6.1-mickledore/sysroots/x86_64-pokysdk-linux/usr/bin/aarch64-poky-linux/aarch64-poky-linux-g++]
  ignore line: [COLLECT_LTO_WRAPPER=/opt/fsl-imx-xwayland/6.1-mickledore/sysroots/x86_64-pokysdk-linux/usr/libexec/aarch64-poky-linux/gcc/aarch64-poky-linux/12.3.0/lto-wrapper]
  ignore line: [Target: aarch64-poky-linux]
  ignore line: [Configured with: ../../../../../../work-shared/gcc-12.3.0-r0/gcc-12.3.0/configure --build=x86_64-linux --host=x86_64-pokysdk-linux --target=aarch64-poky-linux --prefix=/usr/local/oe-sdk-hardcoded-buildpath/sysroots/x86_64-pokysdk-linux/usr --exec_prefix=/usr/local/oe-sdk-hardcoded-buildpath/sysroots/x86_64-pokysdk-linux/usr --bindir=/usr/local/oe-sdk-hardcoded-buildpath/sysroots/x86_64-pokysdk-linux/usr/bin/aarch64-poky-linux --sbindir=/usr/local/oe-sdk-hardcoded-buildpath/sysroots/x86_64-pokysdk-linux/usr/bin/aarch64-poky-linux --libexecdir=/usr/local/oe-sdk-hardcoded-buildpath/sysroots/x86_64-pokysdk-linux/usr/libexec/aarch64-poky-linux --datadir=/usr/local/oe-sdk-hardcoded-buildpath/sysroots/x86_64-pokysdk-linux/usr/share --sysconfdir=/usr/local/oe-sdk-hardcoded-buildpath/sysroots/x86_64-pokysdk-linux/etc --sharedstatedir=/usr/local/oe-sdk-hardcoded-buildpath/sysroots/x86_64-pokysdk-linux/com --localstatedir=/usr/local/oe-sdk-hardcoded-buildpath/sysroots/x86_64-pokysdk-linux/var --libdir=/usr/local/oe-sdk-hardcoded-buildpath/sysroots/x86_64-pokysdk-linux/usr/lib/aarch64-poky-linux --includedir=/usr/local/oe-sdk-hardcoded-buildpath/sysroots/x86_64-pokysdk-linux/usr/include --oldincludedir=/usr/local/oe-sdk-hardcoded-buildpath/sysroots/x86_64-pokysdk-linux/usr/include --infodir=/usr/local/oe-sdk-hardcoded-buildpath/sysroots/x86_64-pokysdk-linux/usr/share/info --mandir=/usr/local/oe-sdk-hardcoded-buildpath/sysroots/x86_64-pokysdk-linux/usr/share/man --disable-silent-rules --disable-dependency-tracking --with-libtool-sysroot=/home/zhangpan/imx-yocto-bsp-6.1.36-2.1.0/build/tmp/work/x86_64-nativesdk-pokysdk-linux/gcc-cross-canadian-aarch64/12.3.0-r0/recipe-sysroot --with-gnu-ld --enable-shared --enable-languages=c,c++ --enable-threads=posix --enable-multilib --enable-default-pie --enable-c99 --enable-long-long --enable-symvers=gnu --enable-libstdcxx-pch --program-prefix=aarch64-poky-linux- --without-local-prefix --disable-install-libiberty --disable-libssp --enable-libitm --enable-lto --disable-bootstrap --with-system-zlib --with-linker-hash-style=gnu --enable-linker-build-id --with-ppl=no --with-cloog=no --enable-checking=release --enable-cheaders=c_global --without-isl --with-gxx-include-dir=/not/exist/usr/include/c++/12.3.0 --with-build-time-tools=/home/zhangpan/imx-yocto-bsp-6.1.36-2.1.0/build/tmp/work/x86_64-nativesdk-pokysdk-linux/gcc-cross-canadian-aarch64/12.3.0-r0/recipe-sysroot-native/usr/aarch64-poky-linux/bin --with-sysroot=/not/exist --with-build-sysroot=/home/zhangpan/imx-yocto-bsp-6.1.36-2.1.0/build/tmp/work/x86_64-nativesdk-pokysdk-linux/gcc-cross-canadian-aarch64/12.3.0-r0/recipe-sysroot --with-plugin-ld=ld --enable-poison-system-directories --disable-static --enable-nls --with-glibc-version=2.28 --enable-initfini-array --enable-__cxa_atexit]
  ignore line: [Thread model: posix]
  ignore line: [Supported LTO compression algorithms: zlib zstd]
  ignore line: [gcc version 12.3.0 (GCC) ]
  ignore line: [COMPILER_PATH=/opt/fsl-imx-xwayland/6.1-mickledore/sysroots/x86_64-pokysdk-linux/usr/libexec/aarch64-poky-linux/gcc/aarch64-poky-linux/12.3.0/:/opt/fsl-imx-xwayland/6.1-mickledore/sysroots/x86_64-pokysdk-linux/usr/libexec/aarch64-poky-linux/gcc/aarch64-poky-linux/12.3.0/:/opt/fsl-imx-xwayland/6.1-mickledore/sysroots/x86_64-pokysdk-linux/usr/libexec/aarch64-poky-linux/gcc/aarch64-poky-linux/:/opt/fsl-imx-xwayland/6.1-mickledore/sysroots/x86_64-pokysdk-linux/usr/lib/aarch64-poky-linux/gcc/aarch64-poky-linux/12.3.0/:/opt/fsl-imx-xwayland/6.1-mickledore/sysroots/x86_64-pokysdk-linux/usr/lib/aarch64-poky-linux/gcc/aarch64-poky-linux/]
  ignore line: [LIBRARY_PATH=/opt/fsl-imx-xwayland/6.1-mickledore/sysroots/x86_64-pokysdk-linux/usr/lib/aarch64-poky-linux/gcc/aarch64-poky-linux/12.3.0/:/opt/fsl-imx-xwayland/6.1-mickledore/sysroots/armv8a-poky-linux/lib/:/opt/fsl-imx-xwayland/6.1-mickledore/sysroots/armv8a-poky-linux/usr/lib/aarch64-poky-linux/12.3.0/:/opt/fsl-imx-xwayland/6.1-mickledore/sysroots/armv8a-poky-linux/usr/lib/]
  ignore line: [COLLECT_GCC_OPTIONS='-march=armv8-a+crc+crypto' '-mbranch-protection=standard' '-fstack-protector-strong' '-O2' '-D' '_FORTIFY_SOURCE=2' '-Wformat=1' '-Wformat-security' '-Werror=format-security' '--sysroot=/opt/fsl-imx-xwayland/6.1-mickledore/sysroots/armv8a-poky-linux' '--sysroot=/opt/fsl-imx-xwayland/6.1-mickledore/sysroots/armv8a-poky-linux' '-O2' '-pipe' '-g' '-feliminate-unused-debug-types' '-v' '-o' 'cmTC_c051b' '-shared-libgcc' '-mlittle-endian' '-mabi=lp64' '-dumpdir' 'cmTC_c051b.']
  link line: [ /opt/fsl-imx-xwayland/6.1-mickledore/sysroots/x86_64-pokysdk-linux/usr/libexec/aarch64-poky-linux/gcc/aarch64-poky-linux/12.3.0/collect2 -plugin /opt/fsl-imx-xwayland/6.1-mickledore/sysroots/x86_64-pokysdk-linux/usr/libexec/aarch64-poky-linux/gcc/aarch64-poky-linux/12.3.0/liblto_plugin.so -plugin-opt=/opt/fsl-imx-xwayland/6.1-mickledore/sysroots/x86_64-pokysdk-linux/usr/libexec/aarch64-poky-linux/gcc/aarch64-poky-linux/12.3.0/lto-wrapper -plugin-opt=-fresolution=/tmp/ccpzKjj5.res -plugin-opt=-pass-through=-lgcc_s -plugin-opt=-pass-through=-lgcc -plugin-opt=-pass-through=-lc -plugin-opt=-pass-through=-lgcc_s -plugin-opt=-pass-through=-lgcc --sysroot=/opt/fsl-imx-xwayland/6.1-mickledore/sysroots/armv8a-poky-linux --build-id --eh-frame-hdr --hash-style=gnu -dynamic-linker /lib/ld-linux-aarch64.so.1 -X -EL -maarch64linux -pie -o cmTC_c051b /opt/fsl-imx-xwayland/6.1-mickledore/sysroots/armv8a-poky-linux/usr/lib/Scrt1.o /opt/fsl-imx-xwayland/6.1-mickledore/sysroots/armv8a-poky-linux/usr/lib/crti.o /opt/fsl-imx-xwayland/6.1-mickledore/sysroots/armv8a-poky-linux/usr/lib/aarch64-poky-linux/12.3.0/crtbeginS.o -L/opt/fsl-imx-xwayland/6.1-mickledore/sysroots/x86_64-pokysdk-linux/usr/lib/aarch64-poky-linux/gcc/aarch64-poky-linux/12.3.0 -L/opt/fsl-imx-xwayland/6.1-mickledore/sysroots/armv8a-poky-linux/lib -L/opt/fsl-imx-xwayland/6.1-mickledore/sysroots/armv8a-poky-linux/usr/lib/aarch64-poky-linux/12.3.0 -L/opt/fsl-imx-xwayland/6.1-mickledore/sysroots/armv8a-poky-linux/usr/lib -O1 --hash-style=gnu --as-needed -z relro -z now CMakeFiles/cmTC_c051b.dir/CMakeCXXCompilerABI.cpp.o -lstdc++ -lm -lgcc_s -lgcc -lc -lgcc_s -lgcc /opt/fsl-imx-xwayland/6.1-mickledore/sysroots/armv8a-poky-linux/usr/lib/aarch64-poky-linux/12.3.0/crtendS.o /opt/fsl-imx-xwayland/6.1-mickledore/sysroots/armv8a-poky-linux/usr/lib/crtn.o]
    arg [/opt/fsl-imx-xwayland/6.1-mickledore/sysroots/x86_64-pokysdk-linux/usr/libexec/aarch64-poky-linux/gcc/aarch64-poky-linux/12.3.0/collect2] ==> ignore
    arg [-plugin] ==> ignore
    arg [/opt/fsl-imx-xwayland/6.1-mickledore/sysroots/x86_64-pokysdk-linux/usr/libexec/aarch64-poky-linux/gcc/aarch64-poky-linux/12.3.0/liblto_plugin.so] ==> ignore
    arg [-plugin-opt=/opt/fsl-imx-xwayland/6.1-mickledore/sysroots/x86_64-pokysdk-linux/usr/libexec/aarch64-poky-linux/gcc/aarch64-poky-linux/12.3.0/lto-wrapper] ==> ignore
    arg [-plugin-opt=-fresolution=/tmp/ccpzKjj5.res] ==> ignore
    arg [-plugin-opt=-pass-through=-lgcc_s] ==> ignore
    arg [-plugin-opt=-pass-through=-lgcc] ==> ignore
    arg [-plugin-opt=-pass-through=-lc] ==> ignore
    arg [-plugin-opt=-pass-through=-lgcc_s] ==> ignore
    arg [-plugin-opt=-pass-through=-lgcc] ==> ignore
    arg [--sysroot=/opt/fsl-imx-xwayland/6.1-mickledore/sysroots/armv8a-poky-linux] ==> ignore
    arg [--build-id] ==> ignore
    arg [--eh-frame-hdr] ==> ignore
    arg [--hash-style=gnu] ==> ignore
    arg [-dynamic-linker] ==> ignore
    arg [/lib/ld-linux-aarch64.so.1] ==> ignore
    arg [-X] ==> ignore
    arg [-EL] ==> ignore
    arg [-maarch64linux] ==> ignore
    arg [-pie] ==> ignore
    arg [-o] ==> ignore
    arg [cmTC_c051b] ==> ignore
    arg [/opt/fsl-imx-xwayland/6.1-mickledore/sysroots/armv8a-poky-linux/usr/lib/Scrt1.o] ==> obj [/opt/fsl-imx-xwayland/6.1-mickledore/sysroots/armv8a-poky-linux/usr/lib/Scrt1.o]
    arg [/opt/fsl-imx-xwayland/6.1-mickledore/sysroots/armv8a-poky-linux/usr/lib/crti.o] ==> obj [/opt/fsl-imx-xwayland/6.1-mickledore/sysroots/armv8a-poky-linux/usr/lib/crti.o]
    arg [/opt/fsl-imx-xwayland/6.1-mickledore/sysroots/armv8a-poky-linux/usr/lib/aarch64-poky-linux/12.3.0/crtbeginS.o] ==> obj [/opt/fsl-imx-xwayland/6.1-mickledore/sysroots/armv8a-poky-linux/usr/lib/aarch64-poky-linux/12.3.0/crtbeginS.o]
    arg [-L/opt/fsl-imx-xwayland/6.1-mickledore/sysroots/x86_64-pokysdk-linux/usr/lib/aarch64-poky-linux/gcc/aarch64-poky-linux/12.3.0] ==> dir [/opt/fsl-imx-xwayland/6.1-mickledore/sysroots/x86_64-pokysdk-linux/usr/lib/aarch64-poky-linux/gcc/aarch64-poky-linux/12.3.0]
    arg [-L/opt/fsl-imx-xwayland/6.1-mickledore/sysroots/armv8a-poky-linux/lib] ==> dir [/opt/fsl-imx-xwayland/6.1-mickledore/sysroots/armv8a-poky-linux/lib]
    arg [-L/opt/fsl-imx-xwayland/6.1-mickledore/sysroots/armv8a-poky-linux/usr/lib/aarch64-poky-linux/12.3.0] ==> dir [/opt/fsl-imx-xwayland/6.1-mickledore/sysroots/armv8a-poky-linux/usr/lib/aarch64-poky-linux/12.3.0]
    arg [-L/opt/fsl-imx-xwayland/6.1-mickledore/sysroots/armv8a-poky-linux/usr/lib] ==> dir [/opt/fsl-imx-xwayland/6.1-mickledore/sysroots/armv8a-poky-linux/usr/lib]
    arg [-O1] ==> ignore
    arg [--hash-style=gnu] ==> ignore
    arg [--as-needed] ==> ignore
    arg [-zrelro] ==> ignore
    arg [-znow] ==> ignore
    arg [CMakeFiles/cmTC_c051b.dir/CMakeCXXCompilerABI.cpp.o] ==> ignore
    arg [-lstdc++] ==> lib [stdc++]
    arg [-lm] ==> lib [m]
    arg [-lgcc_s] ==> lib [gcc_s]
    arg [-lgcc] ==> lib [gcc]
    arg [-lc] ==> lib [c]
    arg [-lgcc_s] ==> lib [gcc_s]
    arg [-lgcc] ==> lib [gcc]
    arg [/opt/fsl-imx-xwayland/6.1-mickledore/sysroots/armv8a-poky-linux/usr/lib/aarch64-poky-linux/12.3.0/crtendS.o] ==> obj [/opt/fsl-imx-xwayland/6.1-mickledore/sysroots/armv8a-poky-linux/usr/lib/aarch64-poky-linux/12.3.0/crtendS.o]
    arg [/opt/fsl-imx-xwayland/6.1-mickledore/sysroots/armv8a-poky-linux/usr/lib/crtn.o] ==> obj [/opt/fsl-imx-xwayland/6.1-mickledore/sysroots/armv8a-poky-linux/usr/lib/crtn.o]
  collapse library dir [/opt/fsl-imx-xwayland/6.1-mickledore/sysroots/x86_64-pokysdk-linux/usr/lib/aarch64-poky-linux/gcc/aarch64-poky-linux/12.3.0] ==> [/opt/fsl-imx-xwayland/6.1-mickledore/sysroots/x86_64-pokysdk-linux/usr/lib/aarch64-poky-linux/gcc/aarch64-poky-linux/12.3.0]
  collapse library dir [/opt/fsl-imx-xwayland/6.1-mickledore/sysroots/armv8a-poky-linux/lib] ==> [/opt/fsl-imx-xwayland/6.1-mickledore/sysroots/armv8a-poky-linux/lib]
  collapse library dir [/opt/fsl-imx-xwayland/6.1-mickledore/sysroots/armv8a-poky-linux/usr/lib/aarch64-poky-linux/12.3.0] ==> [/opt/fsl-imx-xwayland/6.1-mickledore/sysroots/armv8a-poky-linux/usr/lib/aarch64-poky-linux/12.3.0]
  collapse library dir [/opt/fsl-imx-xwayland/6.1-mickledore/sysroots/armv8a-poky-linux/usr/lib] ==> [/opt/fsl-imx-xwayland/6.1-mickledore/sysroots/armv8a-poky-linux/usr/lib]
  implicit libs: [stdc++;m;gcc_s;gcc;c;gcc_s;gcc]
  implicit objs: [/opt/fsl-imx-xwayland/6.1-mickledore/sysroots/armv8a-poky-linux/usr/lib/Scrt1.o;/opt/fsl-imx-xwayland/6.1-mickledore/sysroots/armv8a-poky-linux/usr/lib/crti.o;/opt/fsl-imx-xwayland/6.1-mickledore/sysroots/armv8a-poky-linux/usr/lib/aarch64-poky-linux/12.3.0/crtbeginS.o;/opt/fsl-imx-xwayland/6.1-mickledore/sysroots/armv8a-poky-linux/usr/lib/aarch64-poky-linux/12.3.0/crtendS.o;/opt/fsl-imx-xwayland/6.1-mickledore/sysroots/armv8a-poky-linux/usr/lib/crtn.o]
  implicit dirs: [/opt/fsl-imx-xwayland/6.1-mickledore/sysroots/x86_64-pokysdk-linux/usr/lib/aarch64-poky-linux/gcc/aarch64-poky-linux/12.3.0;/opt/fsl-imx-xwayland/6.1-mickledore/sysroots/armv8a-poky-linux/lib;/opt/fsl-imx-xwayland/6.1-mickledore/sysroots/armv8a-poky-linux/usr/lib/aarch64-poky-linux/12.3.0;/opt/fsl-imx-xwayland/6.1-mickledore/sysroots/armv8a-poky-linux/usr/lib]
  implicit fwks: []


Performing C SOURCE FILE Test CMAKE_HAVE_LIBC_PTHREAD succeeded with the following output:
Change Dir: /home/forlinx/sqlite3/wavegen_v1/build_arm/CMakeFiles/CMakeScratch/TryCompile-sL2yM5

Run Build Command(s):/usr/bin/gmake -f Makefile cmTC_20304/fast && /usr/bin/gmake  -f CMakeFiles/cmTC_20304.dir/build.make CMakeFiles/cmTC_20304.dir/build
gmake[1]: Entering directory '/home/forlinx/sqlite3/wavegen_v1/build_arm/CMakeFiles/CMakeScratch/TryCompile-sL2yM5'
Building C object CMakeFiles/cmTC_20304.dir/src.c.o
/opt/fsl-imx-xwayland/6.1-mickledore/sysroots/x86_64-pokysdk-linux/usr/bin/aarch64-poky-linux/aarch64-poky-linux-gcc   -march=armv8-a+crc+crypto -mbranch-protection=standard -fstack-protector-strong  -O2 -D_FORTIFY_SOURCE=2 -Wformat -Wformat-security -Werror=format-security --sysroot=/opt/fsl-imx-xwayland/6.1-mickledore/sysroots/armv8a-poky-linux --sysroot=/opt/fsl-imx-xwayland/6.1-mickledore/sysroots/armv8a-poky-linux -DCMAKE_HAVE_LIBC_PTHREAD  -O2 -pipe -g -feliminate-unused-debug-types   -o CMakeFiles/cmTC_20304.dir/src.c.o -c /home/forlinx/sqlite3/wavegen_v1/build_arm/CMakeFiles/CMakeScratch/TryCompile-sL2yM5/src.c
Linking C executable cmTC_20304
/opt/fsl-imx-xwayland/6.1-mickledore/sysroots/x86_64-pokysdk-linux/usr/bin/cmake -E cmake_link_script CMakeFiles/cmTC_20304.dir/link.txt --verbose=1
/opt/fsl-imx-xwayland/6.1-mickledore/sysroots/x86_64-pokysdk-linux/usr/bin/aarch64-poky-linux/aarch64-poky-linux-gcc   -march=armv8-a+crc+crypto -mbranch-protection=standard -fstack-protector-strong  -O2 -D_FORTIFY_SOURCE=2 -Wformat -Wformat-security -Werror=format-security --sysroot=/opt/fsl-imx-xwayland/6.1-mickledore/sysroots/armv8a-poky-linux --sysroot=/opt/fsl-imx-xwayland/6.1-mickledore/sysroots/armv8a-poky-linux  -O2 -pipe -g -feliminate-unused-debug-types   -Wl,-O1 -Wl,--hash-style=gnu -Wl,--as-needed  -Wl,-z,relro,-z,now  CMakeFiles/cmTC_20304.dir/src.c.o -o cmTC_20304 
gmake[1]: Leaving directory '/home/forlinx/sqlite3/wavegen_v1/build_arm/CMakeFiles/CMakeScratch/TryCompile-sL2yM5'


Source file was:
#include <pthread.h>

static void* test_func(void* data)
{
  return data;
}

int main(void)
{
  pthread_t thread;
  pthread_create(&thread, NULL, test_func, NULL);
  pthread_detach(thread);
  pthread_cancel(thread);
  pthread_join(thread, NULL);
  pthread_atfork(NULL, NULL, NULL);
  pthread_exit(NULL);

  return 0;
}


Performing C++ SOURCE FILE Test HAVE_STDATOMIC succeeded with the following output:
Change Dir: /home/forlinx/sqlite3/wavegen_v1/build_arm/CMakeFiles/CMakeScratch/TryCompile-NClCM9

Run Build Command(s):/usr/bin/gmake -f Makefile cmTC_48e5e/fast && /usr/bin/gmake  -f CMakeFiles/cmTC_48e5e.dir/build.make CMakeFiles/cmTC_48e5e.dir/build
gmake[1]: Entering directory '/home/forlinx/sqlite3/wavegen_v1/build_arm/CMakeFiles/CMakeScratch/TryCompile-NClCM9'
Building CXX object CMakeFiles/cmTC_48e5e.dir/src.cxx.o
/opt/fsl-imx-xwayland/6.1-mickledore/sysroots/x86_64-pokysdk-linux/usr/bin/aarch64-poky-linux/aarch64-poky-linux-g++   -march=armv8-a+crc+crypto -mbranch-protection=standard -fstack-protector-strong  -O2 -D_FORTIFY_SOURCE=2 -Wformat -Wformat-security -Werror=format-security --sysroot=/opt/fsl-imx-xwayland/6.1-mickledore/sysroots/armv8a-poky-linux --sysroot=/opt/fsl-imx-xwayland/6.1-mickledore/sysroots/armv8a-poky-linux -DHAVE_STDATOMIC  -O2 -pipe -g -feliminate-unused-debug-types   -std=gnu++17 -o CMakeFiles/cmTC_48e5e.dir/src.cxx.o -c /home/forlinx/sqlite3/wavegen_v1/build_arm/CMakeFiles/CMakeScratch/TryCompile-NClCM9/src.cxx
Linking CXX executable cmTC_48e5e
/opt/fsl-imx-xwayland/6.1-mickledore/sysroots/x86_64-pokysdk-linux/usr/bin/cmake -E cmake_link_script CMakeFiles/cmTC_48e5e.dir/link.txt --verbose=1
/opt/fsl-imx-xwayland/6.1-mickledore/sysroots/x86_64-pokysdk-linux/usr/bin/aarch64-poky-linux/aarch64-poky-linux-g++   -march=armv8-a+crc+crypto -mbranch-protection=standard -fstack-protector-strong  -O2 -D_FORTIFY_SOURCE=2 -Wformat -Wformat-security -Werror=format-security --sysroot=/opt/fsl-imx-xwayland/6.1-mickledore/sysroots/armv8a-poky-linux --sysroot=/opt/fsl-imx-xwayland/6.1-mickledore/sysroots/armv8a-poky-linux  -O2 -pipe -g -feliminate-unused-debug-types   -Wl,-O1 -Wl,--hash-style=gnu -Wl,--as-needed  -Wl,-z,relro,-z,now  CMakeFiles/cmTC_48e5e.dir/src.cxx.o -o cmTC_48e5e 
gmake[1]: Leaving directory '/home/forlinx/sqlite3/wavegen_v1/build_arm/CMakeFiles/CMakeScratch/TryCompile-NClCM9'


Source file was:
#include <atomic>
#include <cstdint>

int main(int, char **)
{
    volatile std::atomic<char>    size_1;
    volatile std::atomic<short>   size_2;
    volatile std::atomic<int>     size_4;
    volatile std::atomic<int64_t> size_8;

    ++size_1;
    ++size_2;
    ++size_4;
    ++size_8;

    (void)size_1.load(std::memory_order_relaxed);
    (void)size_2.load(std::memory_order_relaxed);
    (void)size_4.load(std::memory_order_relaxed);
    (void)size_8.load(std::memory_order_relaxed);

    return 0;
}

Performing C++ SOURCE FILE Test HAVE_EGL succeeded with the following output:
Change Dir: /home/forlinx/sqlite3/wavegen_v1/build_arm/CMakeFiles/CMakeScratch/TryCompile-ziR1ws

Run Build Command(s):/usr/bin/gmake -f Makefile cmTC_7c1f6/fast && /usr/bin/gmake  -f CMakeFiles/cmTC_7c1f6.dir/build.make CMakeFiles/cmTC_7c1f6.dir/build
gmake[1]: Entering directory '/home/forlinx/sqlite3/wavegen_v1/build_arm/CMakeFiles/CMakeScratch/TryCompile-ziR1ws'
Building CXX object CMakeFiles/cmTC_7c1f6.dir/src.cxx.o
/opt/fsl-imx-xwayland/6.1-mickledore/sysroots/x86_64-pokysdk-linux/usr/bin/aarch64-poky-linux/aarch64-poky-linux-g++   -march=armv8-a+crc+crypto -mbranch-protection=standard -fstack-protector-strong  -O2 -D_FORTIFY_SOURCE=2 -Wformat -Wformat-security -Werror=format-security --sysroot=/opt/fsl-imx-xwayland/6.1-mickledore/sysroots/armv8a-poky-linux --sysroot=/opt/fsl-imx-xwayland/6.1-mickledore/sysroots/armv8a-poky-linux -DHAVE_EGL  -O2 -pipe -g -feliminate-unused-debug-types   -std=gnu++17 -o CMakeFiles/cmTC_7c1f6.dir/src.cxx.o -c /home/forlinx/sqlite3/wavegen_v1/build_arm/CMakeFiles/CMakeScratch/TryCompile-ziR1ws/src.cxx
Linking CXX executable cmTC_7c1f6
/opt/fsl-imx-xwayland/6.1-mickledore/sysroots/x86_64-pokysdk-linux/usr/bin/cmake -E cmake_link_script CMakeFiles/cmTC_7c1f6.dir/link.txt --verbose=1
/opt/fsl-imx-xwayland/6.1-mickledore/sysroots/x86_64-pokysdk-linux/usr/bin/aarch64-poky-linux/aarch64-poky-linux-g++   -march=armv8-a+crc+crypto -mbranch-protection=standard -fstack-protector-strong  -O2 -D_FORTIFY_SOURCE=2 -Wformat -Wformat-security -Werror=format-security --sysroot=/opt/fsl-imx-xwayland/6.1-mickledore/sysroots/armv8a-poky-linux --sysroot=/opt/fsl-imx-xwayland/6.1-mickledore/sysroots/armv8a-poky-linux  -O2 -pipe -g -feliminate-unused-debug-types   -Wl,-O1 -Wl,--hash-style=gnu -Wl,--as-needed  -Wl,-z,relro,-z,now  CMakeFiles/cmTC_7c1f6.dir/src.cxx.o -o cmTC_7c1f6  /opt/fsl-imx-xwayland/6.1-mickledore/sysroots/armv8a-poky-linux/usr/lib/libEGL.so 
gmake[1]: Leaving directory '/home/forlinx/sqlite3/wavegen_v1/build_arm/CMakeFiles/CMakeScratch/TryCompile-ziR1ws'


Source file was:

#include <EGL/egl.h>

int main(int, char **) {
    EGLint x = 0; EGLDisplay dpy = 0; EGLContext ctx = 0;
    eglDestroyContext(dpy, ctx);
}

Performing C++ SOURCE FILE Test HAVE_GLESv2 succeeded with the following output:
Change Dir: /home/forlinx/sqlite3/wavegen_v1/build_arm/CMakeFiles/CMakeScratch/TryCompile-x5B6mY

Run Build Command(s):/usr/bin/gmake -f Makefile cmTC_56927/fast && /usr/bin/gmake  -f CMakeFiles/cmTC_56927.dir/build.make CMakeFiles/cmTC_56927.dir/build
gmake[1]: Entering directory '/home/forlinx/sqlite3/wavegen_v1/build_arm/CMakeFiles/CMakeScratch/TryCompile-x5B6mY'
Building CXX object CMakeFiles/cmTC_56927.dir/src.cxx.o
/opt/fsl-imx-xwayland/6.1-mickledore/sysroots/x86_64-pokysdk-linux/usr/bin/aarch64-poky-linux/aarch64-poky-linux-g++   -march=armv8-a+crc+crypto -mbranch-protection=standard -fstack-protector-strong  -O2 -D_FORTIFY_SOURCE=2 -Wformat -Wformat-security -Werror=format-security --sysroot=/opt/fsl-imx-xwayland/6.1-mickledore/sysroots/armv8a-poky-linux --sysroot=/opt/fsl-imx-xwayland/6.1-mickledore/sysroots/armv8a-poky-linux -DHAVE_GLESv2  -O2 -pipe -g -feliminate-unused-debug-types   -std=gnu++17 -o CMakeFiles/cmTC_56927.dir/src.cxx.o -c /home/forlinx/sqlite3/wavegen_v1/build_arm/CMakeFiles/CMakeScratch/TryCompile-x5B6mY/src.cxx
Linking CXX executable cmTC_56927
/opt/fsl-imx-xwayland/6.1-mickledore/sysroots/x86_64-pokysdk-linux/usr/bin/cmake -E cmake_link_script CMakeFiles/cmTC_56927.dir/link.txt --verbose=1
/opt/fsl-imx-xwayland/6.1-mickledore/sysroots/x86_64-pokysdk-linux/usr/bin/aarch64-poky-linux/aarch64-poky-linux-g++   -march=armv8-a+crc+crypto -mbranch-protection=standard -fstack-protector-strong  -O2 -D_FORTIFY_SOURCE=2 -Wformat -Wformat-security -Werror=format-security --sysroot=/opt/fsl-imx-xwayland/6.1-mickledore/sysroots/armv8a-poky-linux --sysroot=/opt/fsl-imx-xwayland/6.1-mickledore/sysroots/armv8a-poky-linux  -O2 -pipe -g -feliminate-unused-debug-types   -Wl,-O1 -Wl,--hash-style=gnu -Wl,--as-needed  -Wl,-z,relro,-z,now  CMakeFiles/cmTC_56927.dir/src.cxx.o -o cmTC_56927  /opt/fsl-imx-xwayland/6.1-mickledore/sysroots/armv8a-poky-linux/usr/lib/libGLESv2.so /opt/fsl-imx-xwayland/6.1-mickledore/sysroots/armv8a-poky-linux/usr/lib/libEGL.so 
gmake[1]: Leaving directory '/home/forlinx/sqlite3/wavegen_v1/build_arm/CMakeFiles/CMakeScratch/TryCompile-x5B6mY'


Source file was:

#ifdef __APPLE__
#  include <OpenGLES/ES2/gl.h>
#else
#  define GL_GLEXT_PROTOTYPES
#  include <GLES2/gl2.h>
#endif

int main(int, char **) {
    glUniform1f(1, GLfloat(1.0));
    glClear(GL_COLOR_BUFFER_BIT);
}

